<div id="debug" class="debug">
<div><span class="debugTitle">BEGIN DEBUG <span>Thursday December 8th, 2016 01:11:48 PM</span></div>
<div>From includes/Embassy/Debug.php</div>
AUTOLINK: https://pi.embassyllc.dev<br>
ENVIRONMENT: development<br>
HTTPS: 1<br>
DATETIME: 2016-12-08 21:11:48<br>
MICROTIME: 25230600<div class="break bold">The array named: cookie params:</div>
<pre>array (
  'lifetime' => 7776000,
  'path' => 'c:/xampp/htdocs/pi.embassyllc.dev/public_html',
  'domain' => '.pi.embassyllc.dev',
  'secure' => false,
  'httponly' => false,
)
</pre>
<div class="toggleButtonInline">Toggle $_COOKIE</div><div class="toggleMe"><div class="break bold">The array named: $_COOKIE:</div>
<pre>array (
  'piSession' => '83n9sflab4ohp18l2fe7e9d9k1',
)
</pre>
</div><div class="toggleButtonInline">Toggle $_REQUEST</div><div class="toggleMe"><div class="break bold">The array named: $_REQUEST:</div>
<pre>array (
)
</pre>
</div><div class="toggleButtonInline">Toggle $_SERVER</div><div class="toggleMe"><div class="break bold">The array named: $_SERVER:</div>
<pre>array (
  'MIBDIRS' => 'C:/xampp/php/extras/mibs',
  'MYSQL_HOME' => '\\xampp\\mysql\\bin',
  'OPENSSL_CONF' => 'C:/xampp/apache/bin/openssl.cnf',
  'PHP_PEAR_SYSCONF_DIR' => '\\xampp\\php',
  'PHPRC' => '\\xampp\\php',
  'TMP' => '\\xampp\\tmp',
  'DEVELOPMENT_PAYROLL_INTERFACES_PORT' => '3306',
  'DEVELOPMENT_PAYROLL_INTERFACES_DATABASE' => 'payroll_interfaces',
  'DEVELOPMENT_PAYROLL_INTERFACES_DATABASE_USER' => 'dev_user',
  'DEVELOPMENT_PAYROLL_INTERFACES_DATABASE_PASSWORD' => '1s6gQXkHtOES',
  'PRODUCTION_PAYROLL_INTERFACES_PORT' => '3306',
  'PRODUCTION_PAYROLL_INTERFACES_DATABASE' => 'payroll_interfaces',
  'PRODUCTION_PAYROLL_INTERFACES_DATABASE_USER' => 'payroll_int',
  'PRODUCTION_PAYROLL_INTERFACES_DATABASE_PASSWORD' => 'pGf6n5r2jNRp',
  'EMS_PASSWORD' => 'Emb11242012',
  'HTTPS' => 'on',
  'SSL_TLS_SNI' => 'pi.embassyllc.dev',
  'SSL_SERVER_S_DN_C' => 'US',
  'SSL_SERVER_S_DN_ST' => 'WA',
  'SSL_SERVER_S_DN_L' => 'Spokane',
  'SSL_SERVER_S_DN_O' => 'Embassy Management, LLC',
  'SSL_SERVER_S_DN_OU' => 'IT Department',
  'SSL_SERVER_S_DN_CN' => 'pi.embassyllc.dev',
  'SSL_SERVER_S_DN_Email' => 'morussa@embassyllc.com',
  'SSL_SERVER_I_DN_C' => 'US',
  'SSL_SERVER_I_DN_ST' => 'WA',
  'SSL_SERVER_I_DN_L' => 'Spokane',
  'SSL_SERVER_I_DN_O' => 'Embassy Management, LLC',
  'SSL_SERVER_I_DN_OU' => 'IT Department',
  'SSL_SERVER_I_DN_CN' => 'pi.embassyllc.dev',
  'SSL_SERVER_I_DN_Email' => 'morussa@embassyllc.com',
  'SSL_VERSION_INTERFACE' => 'mod_ssl/2.4.17',
  'SSL_VERSION_LIBRARY' => 'OpenSSL/1.0.2d',
  'SSL_PROTOCOL' => 'TLSv1',
  'SSL_SECURE_RENEG' => 'true',
  'SSL_COMPRESS_METHOD' => 'NULL',
  'SSL_CIPHER' => 'ECDHE-RSA-AES256-SHA',
  'SSL_CIPHER_EXPORT' => 'false',
  'SSL_CIPHER_USEKEYSIZE' => '256',
  'SSL_CIPHER_ALGKEYSIZE' => '256',
  'SSL_CLIENT_VERIFY' => 'NONE',
  'SSL_SERVER_M_VERSION' => '1',
  'SSL_SERVER_M_SERIAL' => 'CA072A1B76BFB522',
  'SSL_SERVER_V_START' => 'Nov 17 19:51:30 2016 GMT',
  'SSL_SERVER_V_END' => 'Nov 17 19:51:30 2017 GMT',
  'SSL_SERVER_S_DN' => 'emailAddress=morussa@embassyllc.com,CN=pi.embassyllc.dev,OU=IT Department,O=Embassy Management\\, LLC,L=Spokane,ST=WA,C=US',
  'SSL_SERVER_I_DN' => 'emailAddress=morussa@embassyllc.com,CN=pi.embassyllc.dev,OU=IT Department,O=Embassy Management\\, LLC,L=Spokane,ST=WA,C=US',
  'SSL_SERVER_A_KEY' => 'rsaEncryption',
  'SSL_SERVER_A_SIG' => 'sha256WithRSAEncryption',
  'SSL_SESSION_ID' => '5e8cd3cb110ab078c4222461dc4e68fdc03b9c3a2ce24750982eec8cfbf43121',
  'SSL_SESSION_RESUMED' => 'Resumed',
  'HTTP_HOST' => 'pi.embassyllc.dev',
  'HTTP_USER_AGENT' => 'Mozilla/5.0 (Windows NT 6.1; WOW64; rv:50.0) Gecko/20100101 Firefox/50.0',
  'HTTP_ACCEPT' => 'text/html,application/xhtml+xml,application/xml;q=0.9,*/*;q=0.8',
  'HTTP_ACCEPT_LANGUAGE' => 'en-US,en;q=0.5',
  'HTTP_ACCEPT_ENCODING' => 'gzip, deflate, br',
  'HTTP_REFERER' => 'https://pi.embassyllc.dev/login/',
  'HTTP_COOKIE' => 'piSession=83n9sflab4ohp18l2fe7e9d9k1',
  'HTTP_DNT' => '1',
  'HTTP_CONNECTION' => 'keep-alive',
  'HTTP_UPGRADE_INSECURE_REQUESTS' => '1',
  'PATH' => 'c:\\graphicsmagick-1.3.24-q16;C:\\ImageMagick-7.0.2-Q16;C:\\ProgramData\\Oracle\\Java\\javapath;C:\\RailsInstaller\\Git\\cmd;C:\\RailsInstaller\\Ruby2.2.0\\bin;C:\\Windows\\system32;C:\\Windows;C:\\Windows\\System32\\Wbem;C:\\Windows\\System32\\WindowsPowerShell\\v1.0\\;C:\\Program Files\\Git\\cmd;C:\\Program Files (x86)\\nodejs\\;C:\\xampp\\php;C:\\ProgramData\\ComposerSetup\\bin;C:\\HashiCorp\\Vagrant\\bin;C:\\Users\\morussa\\AppData\\Roaming\\Composer\\vendor\\bin;',
  'SystemRoot' => 'C:\\Windows',
  'COMSPEC' => 'C:\\Windows\\system32\\cmd.exe',
  'PATHEXT' => '.COM;.EXE;.BAT;.CMD;.VBS;.VBE;.JS;.JSE;.WSF;.WSH;.MSC',
  'WINDIR' => 'C:\\Windows',
  'SERVER_SIGNATURE' => '<address>Apache/2.4.17 (Win32) OpenSSL/1.0.2d PHP/5.6.20 Server at pi.embassyllc.dev Port 443</address>
',
  'SERVER_SOFTWARE' => 'Apache/2.4.17 (Win32) OpenSSL/1.0.2d PHP/5.6.20',
  'SERVER_NAME' => 'pi.embassyllc.dev',
  'SERVER_ADDR' => '127.0.0.1',
  'SERVER_PORT' => '443',
  'REMOTE_ADDR' => '127.0.0.1',
  'DOCUMENT_ROOT' => 'C:/xampp/htdocs/pi.embassyllc.dev',
  'REQUEST_SCHEME' => 'https',
  'CONTEXT_PREFIX' => '',
  'CONTEXT_DOCUMENT_ROOT' => 'C:/xampp/htdocs/pi.embassyllc.dev',
  'SERVER_ADMIN' => 'morussa@embassyllc.com',
  'SCRIPT_FILENAME' => 'C:/xampp/htdocs/pi.embassyllc.dev/index.php',
  'REMOTE_PORT' => '51505',
  'GATEWAY_INTERFACE' => 'CGI/1.1',
  'SERVER_PROTOCOL' => 'HTTP/1.1',
  'REQUEST_METHOD' => 'GET',
  'QUERY_STRING' => '',
  'REQUEST_URI' => '/',
  'SCRIPT_NAME' => '/index.php',
  'PHP_SELF' => '/index.php',
  'REQUEST_TIME_FLOAT' => 1481231508.2520001,
  'REQUEST_TIME' => 1481231508,
)
</pre>
</div><div class="toggleButtonInline">Toggle $_SESSION</div><div class="toggleMe"><div class="break bold">The array named: $_SESSION:</div>
<pre>array (
  'CSRF' => 'def00000dff723f31d390c9c63741b9cb143650afa4344c66f978dfee3f664b561cba2c02a6395a2edae79a518e3d90281f2702659d6915186a701d1eb80759cfe6670c3',
  'auth' => true,
  'admin' => true,
)
</pre>
</div><div><div class="newPage">From includes/Embassy/Config.php</div></div>
<div><div class="newPage">From includes/Embassy/Secrets.php</div></div>
<div><div class="newPage">From includes/Embassy/Ajax.php</div></div>
<div><div class="newPage">From includes/Embassy/Dbc.php</div></div>
<div><div class="newPage">From includes/Embassy/Page.php</div></div>
<div><div class="newPage">From index.php</div></div>
<div>104 rows returned in on line 666 in file C:\xampp\htdocs\pi.embassyllc.dev\includes\Embassy\ADPToSunLife.php.</div>
<div style="color:red;font-weight:bold;border-top:1px dotted #333;">END DEBUG</div>
</div><div id="debug" class="debug">
<div><span class="debugTitle">BEGIN DEBUG <span>Thursday December 8th, 2016 01:11:48 PM</span></div>
<div>From includes/Embassy/Debug.php</div>
AUTOLINK: https://pi.embassyllc.dev<br>
ENVIRONMENT: development<br>
HTTPS: 1<br>
DATETIME: 2016-12-08 21:11:48<br>
MICROTIME: 11188900<div class="break bold">The array named: cookie params:</div>
<pre>array (
  'lifetime' => 7776000,
  'path' => 'c:/xampp/htdocs/pi.embassyllc.dev/public_html',
  'domain' => '.pi.embassyllc.dev',
  'secure' => false,
  'httponly' => false,
)
</pre>
<div class="toggleButtonInline">Toggle $_COOKIE</div><div class="toggleMe"><div class="break bold">The array named: $_COOKIE:</div>
<pre>array (
  'piSession' => '83n9sflab4ohp18l2fe7e9d9k1',
)
</pre>
</div><div class="toggleButtonInline">Toggle $_REQUEST</div><div class="toggleMe"><div class="break bold">The array named: $_REQUEST:</div>
<pre>array (
  'login' => 
  array (
    'CSRF' => 'def000009709e1a7b0386885f34e3e25bcb4aeaeb66731c3a8ad70fe1837aee7b9c83211d3081269f2d58ea5330d9679245d1d0db414a1e82968eec7c122965c71e8e6dd',
    'password' => '1394',
  ),
  'mode' => 'login',
  'g-recaptcha-response' => '03AHJ_VuuNe0aP2JNt8f_XnvrgXRFZVjj1ROYYa3UtNTnGRjvY2QNYIE-FtVSH4aDFJ3kVjv9Axs1kbH3ivN2TRVtZauxJ2YVedaeI9jC4Q2-XFnufZbx6mY0JGjDHeO039zHgj7dRAbb2EIAqKyBbVCdMJsKiru5bv3kfzzX8rXMD5WezvBFR1fXBCcteeOW1_utB5ilCerKeOItgRy4eQox9YAiE1AXv8hFVUrjnLyfPohqLE3UgC6ZKPPXVbKY2CeW7LeE8QMugKlEMppujs3NVtVWAspWboDbSsEd2Aq4S4GiqTPDuXCgxfpnAMuelNUA86xIK87r8H37NR-5ZFjUAsTQAA3H2lsJdfAm4p4vQJl8V7o2rRkZVPFSrExYyLtLLxMbUoD3fjtk9mUmkn-za_ixm4fHIqP4oyTr2UVGHEMc4g_uYwSPMZST4MJqLaxzYWN-7sCrSTszqxe8brKlKkBwptUmxnBP_a9XSRNTaevhzvHYonYNHaGQsvp-rOrUBXdc4-vz-uTm490OZpYingQbUzJa9Hbtyy5wpE2cv79de56Ly9WEIZSsvjuWAomIGAlqP-6d6GTR8o5Qfepw9oR7rHCQugvlIhPwxl0kEtztLe_-7LWDo574OkHeD6q5lc1dU7RhqYAwH2-jIEf9mNBiIA-dhNT-fuWmjMaZd0hLodhnMCi4rGtxoX128zV5cuA_RB7_6-xALh7cBWEDzqSlN2bgGLBOj6jIx0nAvxKJlWI1Yt3bOUP0fbhMvwnQyDTeyyc4AucsIPAtIYKac2IpF3uE_Pzgl0j9k7H0mkbcNQ-xMAfvcUxMiU7WCxIeJopS-TEvsgjlPx4lIcwAAn17gCbw48FAATOUdf34qTG66ct7_j9SXZ3M-24WlhLixIw24WXw6FqvpOFIDi2Vr7DBwenBWiDMSsTcpQ1URw25dxqXltukKvDmcozueYMrLmyS-BiyBnS05Jq7nGhJ1ZH8eLMEpEwOAWHeDfYXWMREHO__-whwPzUvVA21dpYiwEfsQqEdvEkRujaizXmLDGN8W0qStnGjkrdK-1qIap-_bS__sN-5cF91KTRPsm9Qn6EQOhapIObWBUL9iKSVnwe6dFGB-StJn1nPt8M_Xyo_wP6tbDXIu1kmgZH_R0RW7D2XAy1kqSTZgZ55DwxcCTFf7WolcHa8hSWQccEOIZWUcHopaPNg',
)
</pre>
</div><div class="toggleButtonInline">Toggle $_SERVER</div><div class="toggleMe"><div class="break bold">The array named: $_SERVER:</div>
<pre>array (
  'MIBDIRS' => 'C:/xampp/php/extras/mibs',
  'MYSQL_HOME' => '\\xampp\\mysql\\bin',
  'OPENSSL_CONF' => 'C:/xampp/apache/bin/openssl.cnf',
  'PHP_PEAR_SYSCONF_DIR' => '\\xampp\\php',
  'PHPRC' => '\\xampp\\php',
  'TMP' => '\\xampp\\tmp',
  'DEVELOPMENT_PAYROLL_INTERFACES_PORT' => '3306',
  'DEVELOPMENT_PAYROLL_INTERFACES_DATABASE' => 'payroll_interfaces',
  'DEVELOPMENT_PAYROLL_INTERFACES_DATABASE_USER' => 'dev_user',
  'DEVELOPMENT_PAYROLL_INTERFACES_DATABASE_PASSWORD' => '1s6gQXkHtOES',
  'PRODUCTION_PAYROLL_INTERFACES_PORT' => '3306',
  'PRODUCTION_PAYROLL_INTERFACES_DATABASE' => 'payroll_interfaces',
  'PRODUCTION_PAYROLL_INTERFACES_DATABASE_USER' => 'payroll_int',
  'PRODUCTION_PAYROLL_INTERFACES_DATABASE_PASSWORD' => 'pGf6n5r2jNRp',
  'EMS_PASSWORD' => 'Emb11242012',
  'HTTPS' => 'on',
  'SSL_TLS_SNI' => 'pi.embassyllc.dev',
  'SSL_SERVER_S_DN_C' => 'US',
  'SSL_SERVER_S_DN_ST' => 'WA',
  'SSL_SERVER_S_DN_L' => 'Spokane',
  'SSL_SERVER_S_DN_O' => 'Embassy Management, LLC',
  'SSL_SERVER_S_DN_OU' => 'IT Department',
  'SSL_SERVER_S_DN_CN' => 'pi.embassyllc.dev',
  'SSL_SERVER_S_DN_Email' => 'morussa@embassyllc.com',
  'SSL_SERVER_I_DN_C' => 'US',
  'SSL_SERVER_I_DN_ST' => 'WA',
  'SSL_SERVER_I_DN_L' => 'Spokane',
  'SSL_SERVER_I_DN_O' => 'Embassy Management, LLC',
  'SSL_SERVER_I_DN_OU' => 'IT Department',
  'SSL_SERVER_I_DN_CN' => 'pi.embassyllc.dev',
  'SSL_SERVER_I_DN_Email' => 'morussa@embassyllc.com',
  'SSL_VERSION_INTERFACE' => 'mod_ssl/2.4.17',
  'SSL_VERSION_LIBRARY' => 'OpenSSL/1.0.2d',
  'SSL_PROTOCOL' => 'TLSv1',
  'SSL_SECURE_RENEG' => 'true',
  'SSL_COMPRESS_METHOD' => 'NULL',
  'SSL_CIPHER' => 'ECDHE-RSA-AES256-SHA',
  'SSL_CIPHER_EXPORT' => 'false',
  'SSL_CIPHER_USEKEYSIZE' => '256',
  'SSL_CIPHER_ALGKEYSIZE' => '256',
  'SSL_CLIENT_VERIFY' => 'NONE',
  'SSL_SERVER_M_VERSION' => '1',
  'SSL_SERVER_M_SERIAL' => 'CA072A1B76BFB522',
  'SSL_SERVER_V_START' => 'Nov 17 19:51:30 2016 GMT',
  'SSL_SERVER_V_END' => 'Nov 17 19:51:30 2017 GMT',
  'SSL_SERVER_S_DN' => 'emailAddress=morussa@embassyllc.com,CN=pi.embassyllc.dev,OU=IT Department,O=Embassy Management\\, LLC,L=Spokane,ST=WA,C=US',
  'SSL_SERVER_I_DN' => 'emailAddress=morussa@embassyllc.com,CN=pi.embassyllc.dev,OU=IT Department,O=Embassy Management\\, LLC,L=Spokane,ST=WA,C=US',
  'SSL_SERVER_A_KEY' => 'rsaEncryption',
  'SSL_SERVER_A_SIG' => 'sha256WithRSAEncryption',
  'SSL_SESSION_ID' => '5e8cd3cb110ab078c4222461dc4e68fdc03b9c3a2ce24750982eec8cfbf43121',
  'SSL_SESSION_RESUMED' => 'Resumed',
  'HTTP_HOST' => 'pi.embassyllc.dev',
  'HTTP_USER_AGENT' => 'Mozilla/5.0 (Windows NT 6.1; WOW64; rv:50.0) Gecko/20100101 Firefox/50.0',
  'HTTP_ACCEPT' => 'text/html,application/xhtml+xml,application/xml;q=0.9,*/*;q=0.8',
  'HTTP_ACCEPT_LANGUAGE' => 'en-US,en;q=0.5',
  'HTTP_ACCEPT_ENCODING' => 'gzip, deflate, br',
  'HTTP_REFERER' => 'https://pi.embassyllc.dev/login/',
  'HTTP_COOKIE' => 'piSession=83n9sflab4ohp18l2fe7e9d9k1',
  'HTTP_DNT' => '1',
  'HTTP_CONNECTION' => 'keep-alive',
  'HTTP_UPGRADE_INSECURE_REQUESTS' => '1',
  'CONTENT_TYPE' => 'application/x-www-form-urlencoded',
  'CONTENT_LENGTH' => '1419',
  'PATH' => 'c:\\graphicsmagick-1.3.24-q16;C:\\ImageMagick-7.0.2-Q16;C:\\ProgramData\\Oracle\\Java\\javapath;C:\\RailsInstaller\\Git\\cmd;C:\\RailsInstaller\\Ruby2.2.0\\bin;C:\\Windows\\system32;C:\\Windows;C:\\Windows\\System32\\Wbem;C:\\Windows\\System32\\WindowsPowerShell\\v1.0\\;C:\\Program Files\\Git\\cmd;C:\\Program Files (x86)\\nodejs\\;C:\\xampp\\php;C:\\ProgramData\\ComposerSetup\\bin;C:\\HashiCorp\\Vagrant\\bin;C:\\Users\\morussa\\AppData\\Roaming\\Composer\\vendor\\bin;',
  'SystemRoot' => 'C:\\Windows',
  'COMSPEC' => 'C:\\Windows\\system32\\cmd.exe',
  'PATHEXT' => '.COM;.EXE;.BAT;.CMD;.VBS;.VBE;.JS;.JSE;.WSF;.WSH;.MSC',
  'WINDIR' => 'C:\\Windows',
  'SERVER_SIGNATURE' => '<address>Apache/2.4.17 (Win32) OpenSSL/1.0.2d PHP/5.6.20 Server at pi.embassyllc.dev Port 443</address>
',
  'SERVER_SOFTWARE' => 'Apache/2.4.17 (Win32) OpenSSL/1.0.2d PHP/5.6.20',
  'SERVER_NAME' => 'pi.embassyllc.dev',
  'SERVER_ADDR' => '127.0.0.1',
  'SERVER_PORT' => '443',
  'REMOTE_ADDR' => '127.0.0.1',
  'DOCUMENT_ROOT' => 'C:/xampp/htdocs/pi.embassyllc.dev',
  'REQUEST_SCHEME' => 'https',
  'CONTEXT_PREFIX' => '',
  'CONTEXT_DOCUMENT_ROOT' => 'C:/xampp/htdocs/pi.embassyllc.dev',
  'SERVER_ADMIN' => 'morussa@embassyllc.com',
  'SCRIPT_FILENAME' => 'C:/xampp/htdocs/pi.embassyllc.dev/login/index.php',
  'REMOTE_PORT' => '51505',
  'GATEWAY_INTERFACE' => 'CGI/1.1',
  'SERVER_PROTOCOL' => 'HTTP/1.1',
  'REQUEST_METHOD' => 'POST',
  'QUERY_STRING' => '',
  'REQUEST_URI' => '/login/index.php',
  'SCRIPT_NAME' => '/login/index.php',
  'PHP_SELF' => '/login/index.php',
  'REQUEST_TIME_FLOAT' => 1481231508.1110001,
  'REQUEST_TIME' => 1481231508,
)
</pre>
</div><div class="toggleButtonInline">Toggle $_SESSION</div><div class="toggleMe"><div class="break bold">The array named: $_SESSION:</div>
<pre>array (
  'CSRF' => 'def00000dff723f31d390c9c63741b9cb143650afa4344c66f978dfee3f664b561cba2c02a6395a2edae79a518e3d90281f2702659d6915186a701d1eb80759cfe6670c3',
  'auth' => true,
  'admin' => true,
)
</pre>
</div><div><div class="newPage">From includes/Embassy/Config.php</div></div>
<div><div class="newPage">From includes/Embassy/Secrets.php</div></div>
<div><div class="newPage">From includes/Embassy/Ajax.php</div></div>
<div><div class="newPage">From includes/Embassy/Dbc.php</div></div>
<div>Inside Auth::login().</div>
<div>Inside the login method. $_POST['g-recaptcha-response'] is set.</div>
<div>Google Captcha response was good.</div>
<div>We successfully logged in as admin. Trying to redirect to home.</div>
<div><div class="newPage">From includes/Embassy/Page.php</div></div>
<div><div class="newPage">From login/index.php</div></div>
<div><div class="newPage">From includes/Embassy/Form.php</div></div>
<div style="color:red;font-weight:bold;border-top:1px dotted #333;">END DEBUG</div>
</div><div id="debug" class="debug">
<div><span class="debugTitle">BEGIN DEBUG <span>Thursday December 8th, 2016 01:11:26 PM</span></div>
<div>From includes/Embassy/Debug.php</div>
AUTOLINK: https://pi.embassyllc.dev<br>
ENVIRONMENT: development<br>
HTTPS: 1<br>
DATETIME: 2016-12-08 21:11:26<br>
MICROTIME: 70408100<div class="break bold">The array named: cookie params:</div>
<pre>array (
  'lifetime' => 7776000,
  'path' => 'c:/xampp/htdocs/pi.embassyllc.dev/public_html',
  'domain' => '.pi.embassyllc.dev',
  'secure' => false,
  'httponly' => false,
)
</pre>
<div class="toggleButtonInline">Toggle $_COOKIE</div><div class="toggleMe"><div class="break bold">The array named: $_COOKIE:</div>
<pre>array (
  'piSession' => '83n9sflab4ohp18l2fe7e9d9k1',
)
</pre>
</div><div class="toggleButtonInline">Toggle $_REQUEST</div><div class="toggleMe"><div class="break bold">The array named: $_REQUEST:</div>
<pre>array (
)
</pre>
</div><div class="toggleButtonInline">Toggle $_SERVER</div><div class="toggleMe"><div class="break bold">The array named: $_SERVER:</div>
<pre>array (
  'MIBDIRS' => 'C:/xampp/php/extras/mibs',
  'MYSQL_HOME' => '\\xampp\\mysql\\bin',
  'OPENSSL_CONF' => 'C:/xampp/apache/bin/openssl.cnf',
  'PHP_PEAR_SYSCONF_DIR' => '\\xampp\\php',
  'PHPRC' => '\\xampp\\php',
  'TMP' => '\\xampp\\tmp',
  'DEVELOPMENT_PAYROLL_INTERFACES_PORT' => '3306',
  'DEVELOPMENT_PAYROLL_INTERFACES_DATABASE' => 'payroll_interfaces',
  'DEVELOPMENT_PAYROLL_INTERFACES_DATABASE_USER' => 'dev_user',
  'DEVELOPMENT_PAYROLL_INTERFACES_DATABASE_PASSWORD' => '1s6gQXkHtOES',
  'PRODUCTION_PAYROLL_INTERFACES_PORT' => '3306',
  'PRODUCTION_PAYROLL_INTERFACES_DATABASE' => 'payroll_interfaces',
  'PRODUCTION_PAYROLL_INTERFACES_DATABASE_USER' => 'payroll_int',
  'PRODUCTION_PAYROLL_INTERFACES_DATABASE_PASSWORD' => 'pGf6n5r2jNRp',
  'EMS_PASSWORD' => 'Emb11242012',
  'HTTPS' => 'on',
  'SSL_TLS_SNI' => 'pi.embassyllc.dev',
  'SSL_SERVER_S_DN_C' => 'US',
  'SSL_SERVER_S_DN_ST' => 'WA',
  'SSL_SERVER_S_DN_L' => 'Spokane',
  'SSL_SERVER_S_DN_O' => 'Embassy Management, LLC',
  'SSL_SERVER_S_DN_OU' => 'IT Department',
  'SSL_SERVER_S_DN_CN' => 'pi.embassyllc.dev',
  'SSL_SERVER_S_DN_Email' => 'morussa@embassyllc.com',
  'SSL_SERVER_I_DN_C' => 'US',
  'SSL_SERVER_I_DN_ST' => 'WA',
  'SSL_SERVER_I_DN_L' => 'Spokane',
  'SSL_SERVER_I_DN_O' => 'Embassy Management, LLC',
  'SSL_SERVER_I_DN_OU' => 'IT Department',
  'SSL_SERVER_I_DN_CN' => 'pi.embassyllc.dev',
  'SSL_SERVER_I_DN_Email' => 'morussa@embassyllc.com',
  'SSL_VERSION_INTERFACE' => 'mod_ssl/2.4.17',
  'SSL_VERSION_LIBRARY' => 'OpenSSL/1.0.2d',
  'SSL_PROTOCOL' => 'TLSv1',
  'SSL_SECURE_RENEG' => 'true',
  'SSL_COMPRESS_METHOD' => 'NULL',
  'SSL_CIPHER' => 'ECDHE-RSA-AES256-SHA',
  'SSL_CIPHER_EXPORT' => 'false',
  'SSL_CIPHER_USEKEYSIZE' => '256',
  'SSL_CIPHER_ALGKEYSIZE' => '256',
  'SSL_CLIENT_VERIFY' => 'NONE',
  'SSL_SERVER_M_VERSION' => '1',
  'SSL_SERVER_M_SERIAL' => 'CA072A1B76BFB522',
  'SSL_SERVER_V_START' => 'Nov 17 19:51:30 2016 GMT',
  'SSL_SERVER_V_END' => 'Nov 17 19:51:30 2017 GMT',
  'SSL_SERVER_S_DN' => 'emailAddress=morussa@embassyllc.com,CN=pi.embassyllc.dev,OU=IT Department,O=Embassy Management\\, LLC,L=Spokane,ST=WA,C=US',
  'SSL_SERVER_I_DN' => 'emailAddress=morussa@embassyllc.com,CN=pi.embassyllc.dev,OU=IT Department,O=Embassy Management\\, LLC,L=Spokane,ST=WA,C=US',
  'SSL_SERVER_A_KEY' => 'rsaEncryption',
  'SSL_SERVER_A_SIG' => 'sha256WithRSAEncryption',
  'SSL_SESSION_ID' => '5e8cd3cb110ab078c4222461dc4e68fdc03b9c3a2ce24750982eec8cfbf43121',
  'SSL_SESSION_RESUMED' => 'Resumed',
  'HTTP_HOST' => 'pi.embassyllc.dev',
  'HTTP_USER_AGENT' => 'Mozilla/5.0 (Windows NT 6.1; WOW64; rv:50.0) Gecko/20100101 Firefox/50.0',
  'HTTP_ACCEPT' => 'text/html,application/xhtml+xml,application/xml;q=0.9,*/*;q=0.8',
  'HTTP_ACCEPT_LANGUAGE' => 'en-US,en;q=0.5',
  'HTTP_ACCEPT_ENCODING' => 'gzip, deflate, br',
  'HTTP_COOKIE' => 'piSession=83n9sflab4ohp18l2fe7e9d9k1',
  'HTTP_DNT' => '1',
  'HTTP_CONNECTION' => 'keep-alive',
  'HTTP_UPGRADE_INSECURE_REQUESTS' => '1',
  'PATH' => 'c:\\graphicsmagick-1.3.24-q16;C:\\ImageMagick-7.0.2-Q16;C:\\ProgramData\\Oracle\\Java\\javapath;C:\\RailsInstaller\\Git\\cmd;C:\\RailsInstaller\\Ruby2.2.0\\bin;C:\\Windows\\system32;C:\\Windows;C:\\Windows\\System32\\Wbem;C:\\Windows\\System32\\WindowsPowerShell\\v1.0\\;C:\\Program Files\\Git\\cmd;C:\\Program Files (x86)\\nodejs\\;C:\\xampp\\php;C:\\ProgramData\\ComposerSetup\\bin;C:\\HashiCorp\\Vagrant\\bin;C:\\Users\\morussa\\AppData\\Roaming\\Composer\\vendor\\bin;',
  'SystemRoot' => 'C:\\Windows',
  'COMSPEC' => 'C:\\Windows\\system32\\cmd.exe',
  'PATHEXT' => '.COM;.EXE;.BAT;.CMD;.VBS;.VBE;.JS;.JSE;.WSF;.WSH;.MSC',
  'WINDIR' => 'C:\\Windows',
  'SERVER_SIGNATURE' => '<address>Apache/2.4.17 (Win32) OpenSSL/1.0.2d PHP/5.6.20 Server at pi.embassyllc.dev Port 443</address>
',
  'SERVER_SOFTWARE' => 'Apache/2.4.17 (Win32) OpenSSL/1.0.2d PHP/5.6.20',
  'SERVER_NAME' => 'pi.embassyllc.dev',
  'SERVER_ADDR' => '127.0.0.1',
  'SERVER_PORT' => '443',
  'REMOTE_ADDR' => '127.0.0.1',
  'DOCUMENT_ROOT' => 'C:/xampp/htdocs/pi.embassyllc.dev',
  'REQUEST_SCHEME' => 'https',
  'CONTEXT_PREFIX' => '',
  'CONTEXT_DOCUMENT_ROOT' => 'C:/xampp/htdocs/pi.embassyllc.dev',
  'SERVER_ADMIN' => 'morussa@embassyllc.com',
  'SCRIPT_FILENAME' => 'C:/xampp/htdocs/pi.embassyllc.dev/login/index.php',
  'REMOTE_PORT' => '51496',
  'GATEWAY_INTERFACE' => 'CGI/1.1',
  'SERVER_PROTOCOL' => 'HTTP/1.1',
  'REQUEST_METHOD' => 'GET',
  'QUERY_STRING' => '',
  'REQUEST_URI' => '/login/',
  'SCRIPT_NAME' => '/login/index.php',
  'PHP_SELF' => '/login/index.php',
  'REQUEST_TIME_FLOAT' => 1481231486.688,
  'REQUEST_TIME' => 1481231486,
)
</pre>
</div><div class="toggleButtonInline">Toggle $_SESSION</div><div class="toggleMe"><div class="break bold">The array named: $_SESSION:</div>
<pre>array (
  'CSRF' => 'def000009709e1a7b0386885f34e3e25bcb4aeaeb66731c3a8ad70fe1837aee7b9c83211d3081269f2d58ea5330d9679245d1d0db414a1e82968eec7c122965c71e8e6dd',
)
</pre>
</div><div><div class="newPage">From includes/Embassy/Config.php</div></div>
<div><div class="newPage">From includes/Embassy/Secrets.php</div></div>
<div><div class="newPage">From includes/Embassy/Ajax.php</div></div>
<div><div class="newPage">From includes/Embassy/Dbc.php</div></div>
<div><div class="newPage">From includes/Embassy/Page.php</div></div>
<div><div class="newPage">From login/index.php</div></div>
<div><div class="newPage">From includes/Embassy/Form.php</div></div>
<div style="color:red;font-weight:bold;border-top:1px dotted #333;">END DEBUG</div>
</div><div id="debug" class="debug">
<div><span class="debugTitle">BEGIN DEBUG <span>Thursday December 8th, 2016 01:11:22 PM</span></div>
<div>From includes/Embassy/Debug.php</div>
AUTOLINK: https://pi.embassyllc.dev<br>
ENVIRONMENT: development<br>
HTTPS: 1<br>
DATETIME: 2016-12-08 21:11:22<br>
MICROTIME: 69439300<div class="break bold">The array named: cookie params:</div>
<pre>array (
  'lifetime' => 7776000,
  'path' => 'c:/xampp/htdocs/pi.embassyllc.dev/public_html',
  'domain' => '.pi.embassyllc.dev',
  'secure' => false,
  'httponly' => false,
)
</pre>
<div class="toggleButtonInline">Toggle $_COOKIE</div><div class="toggleMe"><div class="break bold">The array named: $_COOKIE:</div>
<pre>array (
  'piSession' => '83n9sflab4ohp18l2fe7e9d9k1',
)
</pre>
</div><div class="toggleButtonInline">Toggle $_REQUEST</div><div class="toggleMe"><div class="break bold">The array named: $_REQUEST:</div>
<pre>array (
)
</pre>
</div><div class="toggleButtonInline">Toggle $_SERVER</div><div class="toggleMe"><div class="break bold">The array named: $_SERVER:</div>
<pre>array (
  'MIBDIRS' => 'C:/xampp/php/extras/mibs',
  'MYSQL_HOME' => '\\xampp\\mysql\\bin',
  'OPENSSL_CONF' => 'C:/xampp/apache/bin/openssl.cnf',
  'PHP_PEAR_SYSCONF_DIR' => '\\xampp\\php',
  'PHPRC' => '\\xampp\\php',
  'TMP' => '\\xampp\\tmp',
  'DEVELOPMENT_PAYROLL_INTERFACES_PORT' => '3306',
  'DEVELOPMENT_PAYROLL_INTERFACES_DATABASE' => 'payroll_interfaces',
  'DEVELOPMENT_PAYROLL_INTERFACES_DATABASE_USER' => 'dev_user',
  'DEVELOPMENT_PAYROLL_INTERFACES_DATABASE_PASSWORD' => '1s6gQXkHtOES',
  'PRODUCTION_PAYROLL_INTERFACES_PORT' => '3306',
  'PRODUCTION_PAYROLL_INTERFACES_DATABASE' => 'payroll_interfaces',
  'PRODUCTION_PAYROLL_INTERFACES_DATABASE_USER' => 'payroll_int',
  'PRODUCTION_PAYROLL_INTERFACES_DATABASE_PASSWORD' => 'pGf6n5r2jNRp',
  'EMS_PASSWORD' => 'Emb11242012',
  'HTTPS' => 'on',
  'SSL_TLS_SNI' => 'pi.embassyllc.dev',
  'SSL_SERVER_S_DN_C' => 'US',
  'SSL_SERVER_S_DN_ST' => 'WA',
  'SSL_SERVER_S_DN_L' => 'Spokane',
  'SSL_SERVER_S_DN_O' => 'Embassy Management, LLC',
  'SSL_SERVER_S_DN_OU' => 'IT Department',
  'SSL_SERVER_S_DN_CN' => 'pi.embassyllc.dev',
  'SSL_SERVER_S_DN_Email' => 'morussa@embassyllc.com',
  'SSL_SERVER_I_DN_C' => 'US',
  'SSL_SERVER_I_DN_ST' => 'WA',
  'SSL_SERVER_I_DN_L' => 'Spokane',
  'SSL_SERVER_I_DN_O' => 'Embassy Management, LLC',
  'SSL_SERVER_I_DN_OU' => 'IT Department',
  'SSL_SERVER_I_DN_CN' => 'pi.embassyllc.dev',
  'SSL_SERVER_I_DN_Email' => 'morussa@embassyllc.com',
  'SSL_VERSION_INTERFACE' => 'mod_ssl/2.4.17',
  'SSL_VERSION_LIBRARY' => 'OpenSSL/1.0.2d',
  'SSL_PROTOCOL' => 'TLSv1',
  'SSL_SECURE_RENEG' => 'true',
  'SSL_COMPRESS_METHOD' => 'NULL',
  'SSL_CIPHER' => 'ECDHE-RSA-AES256-SHA',
  'SSL_CIPHER_EXPORT' => 'false',
  'SSL_CIPHER_USEKEYSIZE' => '256',
  'SSL_CIPHER_ALGKEYSIZE' => '256',
  'SSL_CLIENT_VERIFY' => 'NONE',
  'SSL_SERVER_M_VERSION' => '1',
  'SSL_SERVER_M_SERIAL' => 'CA072A1B76BFB522',
  'SSL_SERVER_V_START' => 'Nov 17 19:51:30 2016 GMT',
  'SSL_SERVER_V_END' => 'Nov 17 19:51:30 2017 GMT',
  'SSL_SERVER_S_DN' => 'emailAddress=morussa@embassyllc.com,CN=pi.embassyllc.dev,OU=IT Department,O=Embassy Management\\, LLC,L=Spokane,ST=WA,C=US',
  'SSL_SERVER_I_DN' => 'emailAddress=morussa@embassyllc.com,CN=pi.embassyllc.dev,OU=IT Department,O=Embassy Management\\, LLC,L=Spokane,ST=WA,C=US',
  'SSL_SERVER_A_KEY' => 'rsaEncryption',
  'SSL_SERVER_A_SIG' => 'sha256WithRSAEncryption',
  'SSL_SESSION_ID' => '5e8cd3cb110ab078c4222461dc4e68fdc03b9c3a2ce24750982eec8cfbf43121',
  'SSL_SESSION_RESUMED' => 'Resumed',
  'HTTP_HOST' => 'pi.embassyllc.dev',
  'HTTP_USER_AGENT' => 'Mozilla/5.0 (Windows NT 6.1; WOW64; rv:50.0) Gecko/20100101 Firefox/50.0',
  'HTTP_ACCEPT' => 'text/html,application/xhtml+xml,application/xml;q=0.9,*/*;q=0.8',
  'HTTP_ACCEPT_LANGUAGE' => 'en-US,en;q=0.5',
  'HTTP_ACCEPT_ENCODING' => 'gzip, deflate, br',
  'HTTP_COOKIE' => 'piSession=83n9sflab4ohp18l2fe7e9d9k1',
  'HTTP_DNT' => '1',
  'HTTP_CONNECTION' => 'keep-alive',
  'HTTP_UPGRADE_INSECURE_REQUESTS' => '1',
  'PATH' => 'c:\\graphicsmagick-1.3.24-q16;C:\\ImageMagick-7.0.2-Q16;C:\\ProgramData\\Oracle\\Java\\javapath;C:\\RailsInstaller\\Git\\cmd;C:\\RailsInstaller\\Ruby2.2.0\\bin;C:\\Windows\\system32;C:\\Windows;C:\\Windows\\System32\\Wbem;C:\\Windows\\System32\\WindowsPowerShell\\v1.0\\;C:\\Program Files\\Git\\cmd;C:\\Program Files (x86)\\nodejs\\;C:\\xampp\\php;C:\\ProgramData\\ComposerSetup\\bin;C:\\HashiCorp\\Vagrant\\bin;C:\\Users\\morussa\\AppData\\Roaming\\Composer\\vendor\\bin;',
  'SystemRoot' => 'C:\\Windows',
  'COMSPEC' => 'C:\\Windows\\system32\\cmd.exe',
  'PATHEXT' => '.COM;.EXE;.BAT;.CMD;.VBS;.VBE;.JS;.JSE;.WSF;.WSH;.MSC',
  'WINDIR' => 'C:\\Windows',
  'SERVER_SIGNATURE' => '<address>Apache/2.4.17 (Win32) OpenSSL/1.0.2d PHP/5.6.20 Server at pi.embassyllc.dev Port 443</address>
',
  'SERVER_SOFTWARE' => 'Apache/2.4.17 (Win32) OpenSSL/1.0.2d PHP/5.6.20',
  'SERVER_NAME' => 'pi.embassyllc.dev',
  'SERVER_ADDR' => '127.0.0.1',
  'SERVER_PORT' => '443',
  'REMOTE_ADDR' => '127.0.0.1',
  'DOCUMENT_ROOT' => 'C:/xampp/htdocs/pi.embassyllc.dev',
  'REQUEST_SCHEME' => 'https',
  'CONTEXT_PREFIX' => '',
  'CONTEXT_DOCUMENT_ROOT' => 'C:/xampp/htdocs/pi.embassyllc.dev',
  'SERVER_ADMIN' => 'morussa@embassyllc.com',
  'SCRIPT_FILENAME' => 'C:/xampp/htdocs/pi.embassyllc.dev/login/index.php',
  'REMOTE_PORT' => '51496',
  'GATEWAY_INTERFACE' => 'CGI/1.1',
  'SERVER_PROTOCOL' => 'HTTP/1.1',
  'REQUEST_METHOD' => 'GET',
  'QUERY_STRING' => '',
  'REQUEST_URI' => '/login/',
  'SCRIPT_NAME' => '/login/index.php',
  'PHP_SELF' => '/login/index.php',
  'REQUEST_TIME_FLOAT' => 1481231482.694,
  'REQUEST_TIME' => 1481231482,
)
</pre>
</div><div class="toggleButtonInline">Toggle $_SESSION</div><div class="toggleMe"><div class="break bold">The array named: $_SESSION:</div>
<pre>array (
  'CSRF' => 'def00000df7fded4950eb75dc2d2b3002f885dcad035ed18740ec5389515fd87daa17dfe40ab7cfcf6ee965ebc39735e70baa7104c7f28770f7a0ae868a486017c66830f',
)
</pre>
</div><div><div class="newPage">From includes/Embassy/Config.php</div></div>
<div><div class="newPage">From includes/Embassy/Secrets.php</div></div>
<div><div class="newPage">From includes/Embassy/Ajax.php</div></div>
<div><div class="newPage">From includes/Embassy/Dbc.php</div></div>
<div><div class="newPage">From includes/Embassy/Page.php</div></div>
<div><div class="newPage">From login/index.php</div></div>
<div><div class="newPage">From includes/Embassy/Form.php</div></div>
<div style="color:red;font-weight:bold;border-top:1px dotted #333;">END DEBUG</div>
</div><div id="debug" class="debug">
<div><span class="debugTitle">BEGIN DEBUG <span>Thursday December 8th, 2016 01:10:49 PM</span></div>
<div>From includes/Embassy/Debug.php</div>
AUTOLINK: https://pi.embassyllc.dev<br>
ENVIRONMENT: development<br>
HTTPS: 1<br>
DATETIME: 2016-12-08 21:10:49<br>
MICROTIME: 18051200<div class="break bold">The array named: cookie params:</div>
<pre>array (
  'lifetime' => 7776000,
  'path' => 'c:/xampp/htdocs/pi.embassyllc.dev/public_html',
  'domain' => '.pi.embassyllc.dev',
  'secure' => false,
  'httponly' => false,
)
</pre>
<div class="toggleButtonInline">Toggle $_COOKIE</div><div class="toggleMe"><div class="break bold">The array named: $_COOKIE:</div>
<pre>array (
  'piSession' => '83n9sflab4ohp18l2fe7e9d9k1',
)
</pre>
</div><div class="toggleButtonInline">Toggle $_REQUEST</div><div class="toggleMe"><div class="break bold">The array named: $_REQUEST:</div>
<pre>array (
)
</pre>
</div><div class="toggleButtonInline">Toggle $_SERVER</div><div class="toggleMe"><div class="break bold">The array named: $_SERVER:</div>
<pre>array (
  'MIBDIRS' => 'C:/xampp/php/extras/mibs',
  'MYSQL_HOME' => '\\xampp\\mysql\\bin',
  'OPENSSL_CONF' => 'C:/xampp/apache/bin/openssl.cnf',
  'PHP_PEAR_SYSCONF_DIR' => '\\xampp\\php',
  'PHPRC' => '\\xampp\\php',
  'TMP' => '\\xampp\\tmp',
  'DEVELOPMENT_PAYROLL_INTERFACES_PORT' => '3306',
  'DEVELOPMENT_PAYROLL_INTERFACES_DATABASE' => 'payroll_interfaces',
  'DEVELOPMENT_PAYROLL_INTERFACES_DATABASE_USER' => 'dev_user',
  'DEVELOPMENT_PAYROLL_INTERFACES_DATABASE_PASSWORD' => '1s6gQXkHtOES',
  'PRODUCTION_PAYROLL_INTERFACES_PORT' => '3306',
  'PRODUCTION_PAYROLL_INTERFACES_DATABASE' => 'payroll_interfaces',
  'PRODUCTION_PAYROLL_INTERFACES_DATABASE_USER' => 'payroll_int',
  'PRODUCTION_PAYROLL_INTERFACES_DATABASE_PASSWORD' => 'pGf6n5r2jNRp',
  'EMS_PASSWORD' => 'Emb11242012',
  'HTTPS' => 'on',
  'SSL_TLS_SNI' => 'pi.embassyllc.dev',
  'SSL_SERVER_S_DN_C' => 'US',
  'SSL_SERVER_S_DN_ST' => 'WA',
  'SSL_SERVER_S_DN_L' => 'Spokane',
  'SSL_SERVER_S_DN_O' => 'Embassy Management, LLC',
  'SSL_SERVER_S_DN_OU' => 'IT Department',
  'SSL_SERVER_S_DN_CN' => 'pi.embassyllc.dev',
  'SSL_SERVER_S_DN_Email' => 'morussa@embassyllc.com',
  'SSL_SERVER_I_DN_C' => 'US',
  'SSL_SERVER_I_DN_ST' => 'WA',
  'SSL_SERVER_I_DN_L' => 'Spokane',
  'SSL_SERVER_I_DN_O' => 'Embassy Management, LLC',
  'SSL_SERVER_I_DN_OU' => 'IT Department',
  'SSL_SERVER_I_DN_CN' => 'pi.embassyllc.dev',
  'SSL_SERVER_I_DN_Email' => 'morussa@embassyllc.com',
  'SSL_VERSION_INTERFACE' => 'mod_ssl/2.4.17',
  'SSL_VERSION_LIBRARY' => 'OpenSSL/1.0.2d',
  'SSL_PROTOCOL' => 'TLSv1',
  'SSL_SECURE_RENEG' => 'true',
  'SSL_COMPRESS_METHOD' => 'NULL',
  'SSL_CIPHER' => 'ECDHE-RSA-AES256-SHA',
  'SSL_CIPHER_EXPORT' => 'false',
  'SSL_CIPHER_USEKEYSIZE' => '256',
  'SSL_CIPHER_ALGKEYSIZE' => '256',
  'SSL_CLIENT_VERIFY' => 'NONE',
  'SSL_SERVER_M_VERSION' => '1',
  'SSL_SERVER_M_SERIAL' => 'CA072A1B76BFB522',
  'SSL_SERVER_V_START' => 'Nov 17 19:51:30 2016 GMT',
  'SSL_SERVER_V_END' => 'Nov 17 19:51:30 2017 GMT',
  'SSL_SERVER_S_DN' => 'emailAddress=morussa@embassyllc.com,CN=pi.embassyllc.dev,OU=IT Department,O=Embassy Management\\, LLC,L=Spokane,ST=WA,C=US',
  'SSL_SERVER_I_DN' => 'emailAddress=morussa@embassyllc.com,CN=pi.embassyllc.dev,OU=IT Department,O=Embassy Management\\, LLC,L=Spokane,ST=WA,C=US',
  'SSL_SERVER_A_KEY' => 'rsaEncryption',
  'SSL_SERVER_A_SIG' => 'sha256WithRSAEncryption',
  'SSL_SESSION_ID' => '5e8cd3cb110ab078c4222461dc4e68fdc03b9c3a2ce24750982eec8cfbf43121',
  'SSL_SESSION_RESUMED' => 'Resumed',
  'HTTP_HOST' => 'pi.embassyllc.dev',
  'HTTP_USER_AGENT' => 'Mozilla/5.0 (Windows NT 6.1; WOW64; rv:50.0) Gecko/20100101 Firefox/50.0',
  'HTTP_ACCEPT' => 'text/html,application/xhtml+xml,application/xml;q=0.9,*/*;q=0.8',
  'HTTP_ACCEPT_LANGUAGE' => 'en-US,en;q=0.5',
  'HTTP_ACCEPT_ENCODING' => 'gzip, deflate, br',
  'HTTP_COOKIE' => 'piSession=83n9sflab4ohp18l2fe7e9d9k1',
  'HTTP_DNT' => '1',
  'HTTP_CONNECTION' => 'keep-alive',
  'HTTP_UPGRADE_INSECURE_REQUESTS' => '1',
  'PATH' => 'c:\\graphicsmagick-1.3.24-q16;C:\\ImageMagick-7.0.2-Q16;C:\\ProgramData\\Oracle\\Java\\javapath;C:\\RailsInstaller\\Git\\cmd;C:\\RailsInstaller\\Ruby2.2.0\\bin;C:\\Windows\\system32;C:\\Windows;C:\\Windows\\System32\\Wbem;C:\\Windows\\System32\\WindowsPowerShell\\v1.0\\;C:\\Program Files\\Git\\cmd;C:\\Program Files (x86)\\nodejs\\;C:\\xampp\\php;C:\\ProgramData\\ComposerSetup\\bin;C:\\HashiCorp\\Vagrant\\bin;C:\\Users\\morussa\\AppData\\Roaming\\Composer\\vendor\\bin;',
  'SystemRoot' => 'C:\\Windows',
  'COMSPEC' => 'C:\\Windows\\system32\\cmd.exe',
  'PATHEXT' => '.COM;.EXE;.BAT;.CMD;.VBS;.VBE;.JS;.JSE;.WSF;.WSH;.MSC',
  'WINDIR' => 'C:\\Windows',
  'SERVER_SIGNATURE' => '<address>Apache/2.4.17 (Win32) OpenSSL/1.0.2d PHP/5.6.20 Server at pi.embassyllc.dev Port 443</address>
',
  'SERVER_SOFTWARE' => 'Apache/2.4.17 (Win32) OpenSSL/1.0.2d PHP/5.6.20',
  'SERVER_NAME' => 'pi.embassyllc.dev',
  'SERVER_ADDR' => '127.0.0.1',
  'SERVER_PORT' => '443',
  'REMOTE_ADDR' => '127.0.0.1',
  'DOCUMENT_ROOT' => 'C:/xampp/htdocs/pi.embassyllc.dev',
  'REQUEST_SCHEME' => 'https',
  'CONTEXT_PREFIX' => '',
  'CONTEXT_DOCUMENT_ROOT' => 'C:/xampp/htdocs/pi.embassyllc.dev',
  'SERVER_ADMIN' => 'morussa@embassyllc.com',
  'SCRIPT_FILENAME' => 'C:/xampp/htdocs/pi.embassyllc.dev/login/index.php',
  'REMOTE_PORT' => '51450',
  'GATEWAY_INTERFACE' => 'CGI/1.1',
  'SERVER_PROTOCOL' => 'HTTP/1.1',
  'REQUEST_METHOD' => 'GET',
  'QUERY_STRING' => '',
  'REQUEST_URI' => '/login/',
  'SCRIPT_NAME' => '/login/index.php',
  'PHP_SELF' => '/login/index.php',
  'REQUEST_TIME_FLOAT' => 1481231449.1800001,
  'REQUEST_TIME' => 1481231449,
)
</pre>
</div><div class="toggleButtonInline">Toggle $_SESSION</div><div class="toggleMe"><div class="break bold">The array named: $_SESSION:</div>
<pre>array (
  'CSRF' => 'def000003d2d6a974c144132ca68edd39dd079ba56296dbfc5aef8366a9533c0b2a80f8245afcc80ddc1552d690c7a11198394d2a3cf37dbd143fa568c5dcf682368f6fa',
)
</pre>
</div><div><div class="newPage">From includes/Embassy/Config.php</div></div>
<div><div class="newPage">From includes/Embassy/Secrets.php</div></div>
<div><div class="newPage">From includes/Embassy/Ajax.php</div></div>
<div><div class="newPage">From includes/Embassy/Dbc.php</div></div>
<div><div class="newPage">From includes/Embassy/Page.php</div></div>
<div><div class="newPage">From login/index.php</div></div>
<div><div class="newPage">From includes/Embassy/Form.php</div></div>
<div style="color:red;font-weight:bold;border-top:1px dotted #333;">END DEBUG</div>
</div><div id="debug" class="debug">
<div><span class="debugTitle">BEGIN DEBUG <span>Thursday December 8th, 2016 01:10:38 PM</span></div>
<div>From includes/Embassy/Debug.php</div>
AUTOLINK: https://pi.embassyllc.dev<br>
ENVIRONMENT: development<br>
HTTPS: 1<br>
DATETIME: 2016-12-08 21:10:38<br>
MICROTIME: 32158900<div class="break bold">The array named: cookie params:</div>
<pre>array (
  'lifetime' => 7776000,
  'path' => 'c:/xampp/htdocs/pi.embassyllc.dev/public_html',
  'domain' => '.pi.embassyllc.dev',
  'secure' => false,
  'httponly' => false,
)
</pre>
<div class="toggleButtonInline">Toggle $_COOKIE</div><div class="toggleMe"><div class="break bold">The array named: $_COOKIE:</div>
<pre>array (
  'piSession' => '83n9sflab4ohp18l2fe7e9d9k1',
)
</pre>
</div><div class="toggleButtonInline">Toggle $_REQUEST</div><div class="toggleMe"><div class="break bold">The array named: $_REQUEST:</div>
<pre>array (
)
</pre>
</div><div class="toggleButtonInline">Toggle $_SERVER</div><div class="toggleMe"><div class="break bold">The array named: $_SERVER:</div>
<pre>array (
  'MIBDIRS' => 'C:/xampp/php/extras/mibs',
  'MYSQL_HOME' => '\\xampp\\mysql\\bin',
  'OPENSSL_CONF' => 'C:/xampp/apache/bin/openssl.cnf',
  'PHP_PEAR_SYSCONF_DIR' => '\\xampp\\php',
  'PHPRC' => '\\xampp\\php',
  'TMP' => '\\xampp\\tmp',
  'DEVELOPMENT_PAYROLL_INTERFACES_PORT' => '3306',
  'DEVELOPMENT_PAYROLL_INTERFACES_DATABASE' => 'payroll_interfaces',
  'DEVELOPMENT_PAYROLL_INTERFACES_DATABASE_USER' => 'dev_user',
  'DEVELOPMENT_PAYROLL_INTERFACES_DATABASE_PASSWORD' => '1s6gQXkHtOES',
  'PRODUCTION_PAYROLL_INTERFACES_PORT' => '3306',
  'PRODUCTION_PAYROLL_INTERFACES_DATABASE' => 'payroll_interfaces',
  'PRODUCTION_PAYROLL_INTERFACES_DATABASE_USER' => 'payroll_int',
  'PRODUCTION_PAYROLL_INTERFACES_DATABASE_PASSWORD' => 'pGf6n5r2jNRp',
  'EMS_PASSWORD' => 'Emb11242012',
  'HTTPS' => 'on',
  'SSL_TLS_SNI' => 'pi.embassyllc.dev',
  'SSL_SERVER_S_DN_C' => 'US',
  'SSL_SERVER_S_DN_ST' => 'WA',
  'SSL_SERVER_S_DN_L' => 'Spokane',
  'SSL_SERVER_S_DN_O' => 'Embassy Management, LLC',
  'SSL_SERVER_S_DN_OU' => 'IT Department',
  'SSL_SERVER_S_DN_CN' => 'pi.embassyllc.dev',
  'SSL_SERVER_S_DN_Email' => 'morussa@embassyllc.com',
  'SSL_SERVER_I_DN_C' => 'US',
  'SSL_SERVER_I_DN_ST' => 'WA',
  'SSL_SERVER_I_DN_L' => 'Spokane',
  'SSL_SERVER_I_DN_O' => 'Embassy Management, LLC',
  'SSL_SERVER_I_DN_OU' => 'IT Department',
  'SSL_SERVER_I_DN_CN' => 'pi.embassyllc.dev',
  'SSL_SERVER_I_DN_Email' => 'morussa@embassyllc.com',
  'SSL_VERSION_INTERFACE' => 'mod_ssl/2.4.17',
  'SSL_VERSION_LIBRARY' => 'OpenSSL/1.0.2d',
  'SSL_PROTOCOL' => 'TLSv1',
  'SSL_SECURE_RENEG' => 'true',
  'SSL_COMPRESS_METHOD' => 'NULL',
  'SSL_CIPHER' => 'ECDHE-RSA-AES256-SHA',
  'SSL_CIPHER_EXPORT' => 'false',
  'SSL_CIPHER_USEKEYSIZE' => '256',
  'SSL_CIPHER_ALGKEYSIZE' => '256',
  'SSL_CLIENT_VERIFY' => 'NONE',
  'SSL_SERVER_M_VERSION' => '1',
  'SSL_SERVER_M_SERIAL' => 'CA072A1B76BFB522',
  'SSL_SERVER_V_START' => 'Nov 17 19:51:30 2016 GMT',
  'SSL_SERVER_V_END' => 'Nov 17 19:51:30 2017 GMT',
  'SSL_SERVER_S_DN' => 'emailAddress=morussa@embassyllc.com,CN=pi.embassyllc.dev,OU=IT Department,O=Embassy Management\\, LLC,L=Spokane,ST=WA,C=US',
  'SSL_SERVER_I_DN' => 'emailAddress=morussa@embassyllc.com,CN=pi.embassyllc.dev,OU=IT Department,O=Embassy Management\\, LLC,L=Spokane,ST=WA,C=US',
  'SSL_SERVER_A_KEY' => 'rsaEncryption',
  'SSL_SERVER_A_SIG' => 'sha256WithRSAEncryption',
  'SSL_SESSION_ID' => '5e8cd3cb110ab078c4222461dc4e68fdc03b9c3a2ce24750982eec8cfbf43121',
  'SSL_SESSION_RESUMED' => 'Resumed',
  'HTTP_HOST' => 'pi.embassyllc.dev',
  'HTTP_USER_AGENT' => 'Mozilla/5.0 (Windows NT 6.1; WOW64; rv:50.0) Gecko/20100101 Firefox/50.0',
  'HTTP_ACCEPT' => 'text/html,application/xhtml+xml,application/xml;q=0.9,*/*;q=0.8',
  'HTTP_ACCEPT_LANGUAGE' => 'en-US,en;q=0.5',
  'HTTP_ACCEPT_ENCODING' => 'gzip, deflate, br',
  'HTTP_REFERER' => 'https://pi.embassyllc.dev/',
  'HTTP_COOKIE' => 'piSession=83n9sflab4ohp18l2fe7e9d9k1',
  'HTTP_DNT' => '1',
  'HTTP_CONNECTION' => 'keep-alive',
  'HTTP_UPGRADE_INSECURE_REQUESTS' => '1',
  'PATH' => 'c:\\graphicsmagick-1.3.24-q16;C:\\ImageMagick-7.0.2-Q16;C:\\ProgramData\\Oracle\\Java\\javapath;C:\\RailsInstaller\\Git\\cmd;C:\\RailsInstaller\\Ruby2.2.0\\bin;C:\\Windows\\system32;C:\\Windows;C:\\Windows\\System32\\Wbem;C:\\Windows\\System32\\WindowsPowerShell\\v1.0\\;C:\\Program Files\\Git\\cmd;C:\\Program Files (x86)\\nodejs\\;C:\\xampp\\php;C:\\ProgramData\\ComposerSetup\\bin;C:\\HashiCorp\\Vagrant\\bin;C:\\Users\\morussa\\AppData\\Roaming\\Composer\\vendor\\bin;',
  'SystemRoot' => 'C:\\Windows',
  'COMSPEC' => 'C:\\Windows\\system32\\cmd.exe',
  'PATHEXT' => '.COM;.EXE;.BAT;.CMD;.VBS;.VBE;.JS;.JSE;.WSF;.WSH;.MSC',
  'WINDIR' => 'C:\\Windows',
  'SERVER_SIGNATURE' => '<address>Apache/2.4.17 (Win32) OpenSSL/1.0.2d PHP/5.6.20 Server at pi.embassyllc.dev Port 443</address>
',
  'SERVER_SOFTWARE' => 'Apache/2.4.17 (Win32) OpenSSL/1.0.2d PHP/5.6.20',
  'SERVER_NAME' => 'pi.embassyllc.dev',
  'SERVER_ADDR' => '127.0.0.1',
  'SERVER_PORT' => '443',
  'REMOTE_ADDR' => '127.0.0.1',
  'DOCUMENT_ROOT' => 'C:/xampp/htdocs/pi.embassyllc.dev',
  'REQUEST_SCHEME' => 'https',
  'CONTEXT_PREFIX' => '',
  'CONTEXT_DOCUMENT_ROOT' => 'C:/xampp/htdocs/pi.embassyllc.dev',
  'SERVER_ADMIN' => 'morussa@embassyllc.com',
  'SCRIPT_FILENAME' => 'C:/xampp/htdocs/pi.embassyllc.dev/login/index.php',
  'REMOTE_PORT' => '51448',
  'GATEWAY_INTERFACE' => 'CGI/1.1',
  'SERVER_PROTOCOL' => 'HTTP/1.1',
  'REQUEST_METHOD' => 'GET',
  'QUERY_STRING' => '',
  'REQUEST_URI' => '/login/',
  'SCRIPT_NAME' => '/login/index.php',
  'PHP_SELF' => '/login/index.php',
  'REQUEST_TIME_FLOAT' => 1481231438.3050001,
  'REQUEST_TIME' => 1481231438,
)
</pre>
</div><div class="toggleButtonInline">Toggle $_SESSION</div><div class="toggleMe"><div class="break bold">The array named: $_SESSION:</div>
<pre>array (
  'CSRF' => 'def000003d2d6a974c144132ca68edd39dd079ba56296dbfc5aef8366a9533c0b2a80f8245afcc80ddc1552d690c7a11198394d2a3cf37dbd143fa568c5dcf682368f6fa',
)
</pre>
</div><div><div class="newPage">From includes/Embassy/Config.php</div></div>
<div><div class="newPage">From includes/Embassy/Secrets.php</div></div>
<div><div class="newPage">From includes/Embassy/Ajax.php</div></div>
<div><div class="newPage">From includes/Embassy/Dbc.php</div></div>
<div><div class="newPage">From includes/Embassy/Page.php</div></div>
<div><div class="newPage">From login/index.php</div></div>
<div><div class="newPage">From includes/Embassy/Form.php</div></div>
<div style="color:red;font-weight:bold;border-top:1px dotted #333;">END DEBUG</div>
</div><div id="debug" class="debug">
<div><span class="debugTitle">BEGIN DEBUG <span>Thursday December 8th, 2016 01:10:38 PM</span></div>
<div>From includes/Embassy/Debug.php</div>
AUTOLINK: https://pi.embassyllc.dev<br>
ENVIRONMENT: development<br>
HTTPS: 1<br>
DATETIME: 2016-12-08 21:10:38<br>
MICROTIME: 25918200<div class="break bold">The array named: cookie params:</div>
<pre>array (
  'lifetime' => 7776000,
  'path' => 'c:/xampp/htdocs/pi.embassyllc.dev/public_html',
  'domain' => '.pi.embassyllc.dev',
  'secure' => false,
  'httponly' => false,
)
</pre>
<div class="toggleButtonInline">Toggle $_COOKIE</div><div class="toggleMe"><div class="break bold">The array named: $_COOKIE:</div>
<pre>array (
)
</pre>
</div><div class="toggleButtonInline">Toggle $_REQUEST</div><div class="toggleMe"><div class="break bold">The array named: $_REQUEST:</div>
<pre>array (
)
</pre>
</div><div class="toggleButtonInline">Toggle $_SERVER</div><div class="toggleMe"><div class="break bold">The array named: $_SERVER:</div>
<pre>array (
  'MIBDIRS' => 'C:/xampp/php/extras/mibs',
  'MYSQL_HOME' => '\\xampp\\mysql\\bin',
  'OPENSSL_CONF' => 'C:/xampp/apache/bin/openssl.cnf',
  'PHP_PEAR_SYSCONF_DIR' => '\\xampp\\php',
  'PHPRC' => '\\xampp\\php',
  'TMP' => '\\xampp\\tmp',
  'DEVELOPMENT_PAYROLL_INTERFACES_PORT' => '3306',
  'DEVELOPMENT_PAYROLL_INTERFACES_DATABASE' => 'payroll_interfaces',
  'DEVELOPMENT_PAYROLL_INTERFACES_DATABASE_USER' => 'dev_user',
  'DEVELOPMENT_PAYROLL_INTERFACES_DATABASE_PASSWORD' => '1s6gQXkHtOES',
  'PRODUCTION_PAYROLL_INTERFACES_PORT' => '3306',
  'PRODUCTION_PAYROLL_INTERFACES_DATABASE' => 'payroll_interfaces',
  'PRODUCTION_PAYROLL_INTERFACES_DATABASE_USER' => 'payroll_int',
  'PRODUCTION_PAYROLL_INTERFACES_DATABASE_PASSWORD' => 'pGf6n5r2jNRp',
  'EMS_PASSWORD' => 'Emb11242012',
  'HTTPS' => 'on',
  'SSL_TLS_SNI' => 'pi.embassyllc.dev',
  'SSL_SERVER_S_DN_C' => 'US',
  'SSL_SERVER_S_DN_ST' => 'WA',
  'SSL_SERVER_S_DN_L' => 'Spokane',
  'SSL_SERVER_S_DN_O' => 'Embassy Management, LLC',
  'SSL_SERVER_S_DN_OU' => 'IT Department',
  'SSL_SERVER_S_DN_CN' => 'pi.embassyllc.dev',
  'SSL_SERVER_S_DN_Email' => 'morussa@embassyllc.com',
  'SSL_SERVER_I_DN_C' => 'US',
  'SSL_SERVER_I_DN_ST' => 'WA',
  'SSL_SERVER_I_DN_L' => 'Spokane',
  'SSL_SERVER_I_DN_O' => 'Embassy Management, LLC',
  'SSL_SERVER_I_DN_OU' => 'IT Department',
  'SSL_SERVER_I_DN_CN' => 'pi.embassyllc.dev',
  'SSL_SERVER_I_DN_Email' => 'morussa@embassyllc.com',
  'SSL_VERSION_INTERFACE' => 'mod_ssl/2.4.17',
  'SSL_VERSION_LIBRARY' => 'OpenSSL/1.0.2d',
  'SSL_PROTOCOL' => 'TLSv1',
  'SSL_SECURE_RENEG' => 'true',
  'SSL_COMPRESS_METHOD' => 'NULL',
  'SSL_CIPHER' => 'ECDHE-RSA-AES256-SHA',
  'SSL_CIPHER_EXPORT' => 'false',
  'SSL_CIPHER_USEKEYSIZE' => '256',
  'SSL_CIPHER_ALGKEYSIZE' => '256',
  'SSL_CLIENT_VERIFY' => 'NONE',
  'SSL_SERVER_M_VERSION' => '1',
  'SSL_SERVER_M_SERIAL' => 'CA072A1B76BFB522',
  'SSL_SERVER_V_START' => 'Nov 17 19:51:30 2016 GMT',
  'SSL_SERVER_V_END' => 'Nov 17 19:51:30 2017 GMT',
  'SSL_SERVER_S_DN' => 'emailAddress=morussa@embassyllc.com,CN=pi.embassyllc.dev,OU=IT Department,O=Embassy Management\\, LLC,L=Spokane,ST=WA,C=US',
  'SSL_SERVER_I_DN' => 'emailAddress=morussa@embassyllc.com,CN=pi.embassyllc.dev,OU=IT Department,O=Embassy Management\\, LLC,L=Spokane,ST=WA,C=US',
  'SSL_SERVER_A_KEY' => 'rsaEncryption',
  'SSL_SERVER_A_SIG' => 'sha256WithRSAEncryption',
  'SSL_SESSION_ID' => '5e8cd3cb110ab078c4222461dc4e68fdc03b9c3a2ce24750982eec8cfbf43121',
  'SSL_SESSION_RESUMED' => 'Resumed',
  'HTTP_HOST' => 'pi.embassyllc.dev',
  'HTTP_USER_AGENT' => 'Mozilla/5.0 (Windows NT 6.1; WOW64; rv:50.0) Gecko/20100101 Firefox/50.0',
  'HTTP_ACCEPT' => 'text/html,application/xhtml+xml,application/xml;q=0.9,*/*;q=0.8',
  'HTTP_ACCEPT_LANGUAGE' => 'en-US,en;q=0.5',
  'HTTP_ACCEPT_ENCODING' => 'gzip, deflate, br',
  'HTTP_REFERER' => 'https://pi.embassyllc.dev/',
  'HTTP_DNT' => '1',
  'HTTP_CONNECTION' => 'keep-alive',
  'HTTP_UPGRADE_INSECURE_REQUESTS' => '1',
  'PATH' => 'c:\\graphicsmagick-1.3.24-q16;C:\\ImageMagick-7.0.2-Q16;C:\\ProgramData\\Oracle\\Java\\javapath;C:\\RailsInstaller\\Git\\cmd;C:\\RailsInstaller\\Ruby2.2.0\\bin;C:\\Windows\\system32;C:\\Windows;C:\\Windows\\System32\\Wbem;C:\\Windows\\System32\\WindowsPowerShell\\v1.0\\;C:\\Program Files\\Git\\cmd;C:\\Program Files (x86)\\nodejs\\;C:\\xampp\\php;C:\\ProgramData\\ComposerSetup\\bin;C:\\HashiCorp\\Vagrant\\bin;C:\\Users\\morussa\\AppData\\Roaming\\Composer\\vendor\\bin;',
  'SystemRoot' => 'C:\\Windows',
  'COMSPEC' => 'C:\\Windows\\system32\\cmd.exe',
  'PATHEXT' => '.COM;.EXE;.BAT;.CMD;.VBS;.VBE;.JS;.JSE;.WSF;.WSH;.MSC',
  'WINDIR' => 'C:\\Windows',
  'SERVER_SIGNATURE' => '<address>Apache/2.4.17 (Win32) OpenSSL/1.0.2d PHP/5.6.20 Server at pi.embassyllc.dev Port 443</address>
',
  'SERVER_SOFTWARE' => 'Apache/2.4.17 (Win32) OpenSSL/1.0.2d PHP/5.6.20',
  'SERVER_NAME' => 'pi.embassyllc.dev',
  'SERVER_ADDR' => '127.0.0.1',
  'SERVER_PORT' => '443',
  'REMOTE_ADDR' => '127.0.0.1',
  'DOCUMENT_ROOT' => 'C:/xampp/htdocs/pi.embassyllc.dev',
  'REQUEST_SCHEME' => 'https',
  'CONTEXT_PREFIX' => '',
  'CONTEXT_DOCUMENT_ROOT' => 'C:/xampp/htdocs/pi.embassyllc.dev',
  'SERVER_ADMIN' => 'morussa@embassyllc.com',
  'SCRIPT_FILENAME' => 'C:/xampp/htdocs/pi.embassyllc.dev/index.php',
  'REMOTE_PORT' => '51447',
  'GATEWAY_INTERFACE' => 'CGI/1.1',
  'SERVER_PROTOCOL' => 'HTTP/1.1',
  'REQUEST_METHOD' => 'GET',
  'QUERY_STRING' => '',
  'REQUEST_URI' => '/',
  'SCRIPT_NAME' => '/index.php',
  'PHP_SELF' => '/index.php',
  'REQUEST_TIME_FLOAT' => 1481231438.2590001,
  'REQUEST_TIME' => 1481231438,
)
</pre>
</div><div class="toggleButtonInline">Toggle $_SESSION</div><div class="toggleMe"><div class="break bold">The array named: $_SESSION:</div>
<pre>array (
)
</pre>
</div><div><div class="newPage">From includes/Embassy/Config.php</div></div>
<div><div class="newPage">From includes/Embassy/Secrets.php</div></div>
<div><div class="newPage">From includes/Embassy/Ajax.php</div></div>
<div><div class="newPage">From includes/Embassy/Dbc.php</div></div>
<div><div class="newPage">From includes/Embassy/Page.php</div></div>
<div><div class="newPage">From index.php</div></div>
<div>104 rows returned in on line 666 in file C:\xampp\htdocs\pi.embassyllc.dev\includes\Embassy\ADPToSunLife.php.</div>
<div style="color:red;font-weight:bold;border-top:1px dotted #333;">END DEBUG</div>
</div><div id="debug" class="debug">
<div><span class="debugTitle">BEGIN DEBUG <span>Thursday December 8th, 2016 01:10:38 PM</span></div>
<div>From includes/Embassy/Debug.php</div>
AUTOLINK: https://pi.embassyllc.dev<br>
ENVIRONMENT: development<br>
HTTPS: 1<br>
DATETIME: 2016-12-08 21:10:38<br>
MICROTIME: 19677400<div class="break bold">The array named: cookie params:</div>
<pre>array (
  'lifetime' => 7776000,
  'path' => 'c:/xampp/htdocs/pi.embassyllc.dev/public_html',
  'domain' => '.pi.embassyllc.dev',
  'secure' => false,
  'httponly' => false,
)
</pre>
<div class="toggleButtonInline">Toggle $_COOKIE</div><div class="toggleMe"><div class="break bold">The array named: $_COOKIE:</div>
<pre>array (
  'piSession' => 'ehml210kviaa521geuvku97aj4',
)
</pre>
</div><div class="toggleButtonInline">Toggle $_REQUEST</div><div class="toggleMe"><div class="break bold">The array named: $_REQUEST:</div>
<pre>array (
  'mode' => 'logout',
)
</pre>
</div><div class="toggleButtonInline">Toggle $_SERVER</div><div class="toggleMe"><div class="break bold">The array named: $_SERVER:</div>
<pre>array (
  'MIBDIRS' => 'C:/xampp/php/extras/mibs',
  'MYSQL_HOME' => '\\xampp\\mysql\\bin',
  'OPENSSL_CONF' => 'C:/xampp/apache/bin/openssl.cnf',
  'PHP_PEAR_SYSCONF_DIR' => '\\xampp\\php',
  'PHPRC' => '\\xampp\\php',
  'TMP' => '\\xampp\\tmp',
  'DEVELOPMENT_PAYROLL_INTERFACES_PORT' => '3306',
  'DEVELOPMENT_PAYROLL_INTERFACES_DATABASE' => 'payroll_interfaces',
  'DEVELOPMENT_PAYROLL_INTERFACES_DATABASE_USER' => 'dev_user',
  'DEVELOPMENT_PAYROLL_INTERFACES_DATABASE_PASSWORD' => '1s6gQXkHtOES',
  'PRODUCTION_PAYROLL_INTERFACES_PORT' => '3306',
  'PRODUCTION_PAYROLL_INTERFACES_DATABASE' => 'payroll_interfaces',
  'PRODUCTION_PAYROLL_INTERFACES_DATABASE_USER' => 'payroll_int',
  'PRODUCTION_PAYROLL_INTERFACES_DATABASE_PASSWORD' => 'pGf6n5r2jNRp',
  'EMS_PASSWORD' => 'Emb11242012',
  'HTTPS' => 'on',
  'SSL_TLS_SNI' => 'pi.embassyllc.dev',
  'SSL_SERVER_S_DN_C' => 'US',
  'SSL_SERVER_S_DN_ST' => 'WA',
  'SSL_SERVER_S_DN_L' => 'Spokane',
  'SSL_SERVER_S_DN_O' => 'Embassy Management, LLC',
  'SSL_SERVER_S_DN_OU' => 'IT Department',
  'SSL_SERVER_S_DN_CN' => 'pi.embassyllc.dev',
  'SSL_SERVER_S_DN_Email' => 'morussa@embassyllc.com',
  'SSL_SERVER_I_DN_C' => 'US',
  'SSL_SERVER_I_DN_ST' => 'WA',
  'SSL_SERVER_I_DN_L' => 'Spokane',
  'SSL_SERVER_I_DN_O' => 'Embassy Management, LLC',
  'SSL_SERVER_I_DN_OU' => 'IT Department',
  'SSL_SERVER_I_DN_CN' => 'pi.embassyllc.dev',
  'SSL_SERVER_I_DN_Email' => 'morussa@embassyllc.com',
  'SSL_VERSION_INTERFACE' => 'mod_ssl/2.4.17',
  'SSL_VERSION_LIBRARY' => 'OpenSSL/1.0.2d',
  'SSL_PROTOCOL' => 'TLSv1',
  'SSL_SECURE_RENEG' => 'true',
  'SSL_COMPRESS_METHOD' => 'NULL',
  'SSL_CIPHER' => 'ECDHE-RSA-AES256-SHA',
  'SSL_CIPHER_EXPORT' => 'false',
  'SSL_CIPHER_USEKEYSIZE' => '256',
  'SSL_CIPHER_ALGKEYSIZE' => '256',
  'SSL_CLIENT_VERIFY' => 'NONE',
  'SSL_SERVER_M_VERSION' => '1',
  'SSL_SERVER_M_SERIAL' => 'CA072A1B76BFB522',
  'SSL_SERVER_V_START' => 'Nov 17 19:51:30 2016 GMT',
  'SSL_SERVER_V_END' => 'Nov 17 19:51:30 2017 GMT',
  'SSL_SERVER_S_DN' => 'emailAddress=morussa@embassyllc.com,CN=pi.embassyllc.dev,OU=IT Department,O=Embassy Management\\, LLC,L=Spokane,ST=WA,C=US',
  'SSL_SERVER_I_DN' => 'emailAddress=morussa@embassyllc.com,CN=pi.embassyllc.dev,OU=IT Department,O=Embassy Management\\, LLC,L=Spokane,ST=WA,C=US',
  'SSL_SERVER_A_KEY' => 'rsaEncryption',
  'SSL_SERVER_A_SIG' => 'sha256WithRSAEncryption',
  'SSL_SESSION_ID' => '5e8cd3cb110ab078c4222461dc4e68fdc03b9c3a2ce24750982eec8cfbf43121',
  'SSL_SESSION_RESUMED' => 'Resumed',
  'HTTP_HOST' => 'pi.embassyllc.dev',
  'HTTP_USER_AGENT' => 'Mozilla/5.0 (Windows NT 6.1; WOW64; rv:50.0) Gecko/20100101 Firefox/50.0',
  'HTTP_ACCEPT' => '*/*',
  'HTTP_ACCEPT_LANGUAGE' => 'en-US,en;q=0.5',
  'HTTP_ACCEPT_ENCODING' => 'gzip, deflate, br',
  'CONTENT_TYPE' => 'application/x-www-form-urlencoded; charset=UTF-8',
  'HTTP_X_REQUESTED_WITH' => 'XMLHttpRequest',
  'HTTP_REFERER' => 'https://pi.embassyllc.dev/',
  'CONTENT_LENGTH' => '11',
  'HTTP_COOKIE' => 'piSession=ehml210kviaa521geuvku97aj4',
  'HTTP_DNT' => '1',
  'HTTP_CONNECTION' => 'keep-alive',
  'PATH' => 'c:\\graphicsmagick-1.3.24-q16;C:\\ImageMagick-7.0.2-Q16;C:\\ProgramData\\Oracle\\Java\\javapath;C:\\RailsInstaller\\Git\\cmd;C:\\RailsInstaller\\Ruby2.2.0\\bin;C:\\Windows\\system32;C:\\Windows;C:\\Windows\\System32\\Wbem;C:\\Windows\\System32\\WindowsPowerShell\\v1.0\\;C:\\Program Files\\Git\\cmd;C:\\Program Files (x86)\\nodejs\\;C:\\xampp\\php;C:\\ProgramData\\ComposerSetup\\bin;C:\\HashiCorp\\Vagrant\\bin;C:\\Users\\morussa\\AppData\\Roaming\\Composer\\vendor\\bin;',
  'SystemRoot' => 'C:\\Windows',
  'COMSPEC' => 'C:\\Windows\\system32\\cmd.exe',
  'PATHEXT' => '.COM;.EXE;.BAT;.CMD;.VBS;.VBE;.JS;.JSE;.WSF;.WSH;.MSC',
  'WINDIR' => 'C:\\Windows',
  'SERVER_SIGNATURE' => '<address>Apache/2.4.17 (Win32) OpenSSL/1.0.2d PHP/5.6.20 Server at pi.embassyllc.dev Port 443</address>
',
  'SERVER_SOFTWARE' => 'Apache/2.4.17 (Win32) OpenSSL/1.0.2d PHP/5.6.20',
  'SERVER_NAME' => 'pi.embassyllc.dev',
  'SERVER_ADDR' => '127.0.0.1',
  'SERVER_PORT' => '443',
  'REMOTE_ADDR' => '127.0.0.1',
  'DOCUMENT_ROOT' => 'C:/xampp/htdocs/pi.embassyllc.dev',
  'REQUEST_SCHEME' => 'https',
  'CONTEXT_PREFIX' => '',
  'CONTEXT_DOCUMENT_ROOT' => 'C:/xampp/htdocs/pi.embassyllc.dev',
  'SERVER_ADMIN' => 'morussa@embassyllc.com',
  'SCRIPT_FILENAME' => 'C:/xampp/htdocs/pi.embassyllc.dev/index.php',
  'REMOTE_PORT' => '51447',
  'GATEWAY_INTERFACE' => 'CGI/1.1',
  'SERVER_PROTOCOL' => 'HTTP/1.1',
  'REQUEST_METHOD' => 'POST',
  'QUERY_STRING' => '',
  'REQUEST_URI' => '/',
  'SCRIPT_NAME' => '/index.php',
  'PHP_SELF' => '/index.php',
  'REQUEST_TIME_FLOAT' => 1481231438.1960001,
  'REQUEST_TIME' => 1481231438,
)
</pre>
</div><div class="toggleButtonInline">Toggle $_SESSION</div><div class="toggleMe"><div class="break bold">The array named: $_SESSION:</div>
<pre>array (
  'auth' => false,
)
</pre>
</div><div><div class="newPage">From includes/Embassy/Config.php</div></div>
<div><div class="newPage">From includes/Embassy/Secrets.php</div></div>
<div><div class="newPage">From includes/Embassy/Ajax.php</div></div>
<div><div class="newPage">From includes/Embassy/Dbc.php</div></div>
<div>The session has been destroyed.</div>
<div style="color:red;font-weight:bold;border-top:1px dotted #333;">END DEBUG</div>
</div><div id="debug" class="debug">
<div><span class="debugTitle">BEGIN DEBUG <span>Thursday December 8th, 2016 01:09:52 PM</span></div>
<div>From includes/Embassy/Debug.php</div>
AUTOLINK: https://pi.embassyllc.dev<br>
ENVIRONMENT: development<br>
HTTPS: 1<br>
DATETIME: 2016-12-08 21:09:52<br>
MICROTIME: 76204100<div class="break bold">The array named: cookie params:</div>
<pre>array (
  'lifetime' => 7776000,
  'path' => 'c:/xampp/htdocs/pi.embassyllc.dev/public_html',
  'domain' => '.pi.embassyllc.dev',
  'secure' => false,
  'httponly' => false,
)
</pre>
<div class="toggleButtonInline">Toggle $_COOKIE</div><div class="toggleMe"><div class="break bold">The array named: $_COOKIE:</div>
<pre>array (
  'piSession' => 'ehml210kviaa521geuvku97aj4',
)
</pre>
</div><div class="toggleButtonInline">Toggle $_REQUEST</div><div class="toggleMe"><div class="break bold">The array named: $_REQUEST:</div>
<pre>array (
)
</pre>
</div><div class="toggleButtonInline">Toggle $_SERVER</div><div class="toggleMe"><div class="break bold">The array named: $_SERVER:</div>
<pre>array (
  'MIBDIRS' => 'C:/xampp/php/extras/mibs',
  'MYSQL_HOME' => '\\xampp\\mysql\\bin',
  'OPENSSL_CONF' => 'C:/xampp/apache/bin/openssl.cnf',
  'PHP_PEAR_SYSCONF_DIR' => '\\xampp\\php',
  'PHPRC' => '\\xampp\\php',
  'TMP' => '\\xampp\\tmp',
  'DEVELOPMENT_PAYROLL_INTERFACES_PORT' => '3306',
  'DEVELOPMENT_PAYROLL_INTERFACES_DATABASE' => 'payroll_interfaces',
  'DEVELOPMENT_PAYROLL_INTERFACES_DATABASE_USER' => 'dev_user',
  'DEVELOPMENT_PAYROLL_INTERFACES_DATABASE_PASSWORD' => '1s6gQXkHtOES',
  'PRODUCTION_PAYROLL_INTERFACES_PORT' => '3306',
  'PRODUCTION_PAYROLL_INTERFACES_DATABASE' => 'payroll_interfaces',
  'PRODUCTION_PAYROLL_INTERFACES_DATABASE_USER' => 'payroll_int',
  'PRODUCTION_PAYROLL_INTERFACES_DATABASE_PASSWORD' => 'pGf6n5r2jNRp',
  'EMS_PASSWORD' => 'Emb11242012',
  'HTTPS' => 'on',
  'SSL_TLS_SNI' => 'pi.embassyllc.dev',
  'SSL_SERVER_S_DN_C' => 'US',
  'SSL_SERVER_S_DN_ST' => 'WA',
  'SSL_SERVER_S_DN_L' => 'Spokane',
  'SSL_SERVER_S_DN_O' => 'Embassy Management, LLC',
  'SSL_SERVER_S_DN_OU' => 'IT Department',
  'SSL_SERVER_S_DN_CN' => 'pi.embassyllc.dev',
  'SSL_SERVER_S_DN_Email' => 'morussa@embassyllc.com',
  'SSL_SERVER_I_DN_C' => 'US',
  'SSL_SERVER_I_DN_ST' => 'WA',
  'SSL_SERVER_I_DN_L' => 'Spokane',
  'SSL_SERVER_I_DN_O' => 'Embassy Management, LLC',
  'SSL_SERVER_I_DN_OU' => 'IT Department',
  'SSL_SERVER_I_DN_CN' => 'pi.embassyllc.dev',
  'SSL_SERVER_I_DN_Email' => 'morussa@embassyllc.com',
  'SSL_VERSION_INTERFACE' => 'mod_ssl/2.4.17',
  'SSL_VERSION_LIBRARY' => 'OpenSSL/1.0.2d',
  'SSL_PROTOCOL' => 'TLSv1',
  'SSL_SECURE_RENEG' => 'true',
  'SSL_COMPRESS_METHOD' => 'NULL',
  'SSL_CIPHER' => 'ECDHE-RSA-AES256-SHA',
  'SSL_CIPHER_EXPORT' => 'false',
  'SSL_CIPHER_USEKEYSIZE' => '256',
  'SSL_CIPHER_ALGKEYSIZE' => '256',
  'SSL_CLIENT_VERIFY' => 'NONE',
  'SSL_SERVER_M_VERSION' => '1',
  'SSL_SERVER_M_SERIAL' => 'CA072A1B76BFB522',
  'SSL_SERVER_V_START' => 'Nov 17 19:51:30 2016 GMT',
  'SSL_SERVER_V_END' => 'Nov 17 19:51:30 2017 GMT',
  'SSL_SERVER_S_DN' => 'emailAddress=morussa@embassyllc.com,CN=pi.embassyllc.dev,OU=IT Department,O=Embassy Management\\, LLC,L=Spokane,ST=WA,C=US',
  'SSL_SERVER_I_DN' => 'emailAddress=morussa@embassyllc.com,CN=pi.embassyllc.dev,OU=IT Department,O=Embassy Management\\, LLC,L=Spokane,ST=WA,C=US',
  'SSL_SERVER_A_KEY' => 'rsaEncryption',
  'SSL_SERVER_A_SIG' => 'sha256WithRSAEncryption',
  'SSL_SESSION_ID' => '5e8cd3cb110ab078c4222461dc4e68fdc03b9c3a2ce24750982eec8cfbf43121',
  'SSL_SESSION_RESUMED' => 'Resumed',
  'HTTP_HOST' => 'pi.embassyllc.dev',
  'HTTP_USER_AGENT' => 'Mozilla/5.0 (Windows NT 6.1; WOW64; rv:50.0) Gecko/20100101 Firefox/50.0',
  'HTTP_ACCEPT' => 'text/html,application/xhtml+xml,application/xml;q=0.9,*/*;q=0.8',
  'HTTP_ACCEPT_LANGUAGE' => 'en-US,en;q=0.5',
  'HTTP_ACCEPT_ENCODING' => 'gzip, deflate, br',
  'HTTP_REFERER' => 'https://pi.embassyllc.dev/login/index.php',
  'HTTP_COOKIE' => 'piSession=ehml210kviaa521geuvku97aj4',
  'HTTP_DNT' => '1',
  'HTTP_CONNECTION' => 'keep-alive',
  'HTTP_UPGRADE_INSECURE_REQUESTS' => '1',
  'PATH' => 'c:\\graphicsmagick-1.3.24-q16;C:\\ImageMagick-7.0.2-Q16;C:\\ProgramData\\Oracle\\Java\\javapath;C:\\RailsInstaller\\Git\\cmd;C:\\RailsInstaller\\Ruby2.2.0\\bin;C:\\Windows\\system32;C:\\Windows;C:\\Windows\\System32\\Wbem;C:\\Windows\\System32\\WindowsPowerShell\\v1.0\\;C:\\Program Files\\Git\\cmd;C:\\Program Files (x86)\\nodejs\\;C:\\xampp\\php;C:\\ProgramData\\ComposerSetup\\bin;C:\\HashiCorp\\Vagrant\\bin;C:\\Users\\morussa\\AppData\\Roaming\\Composer\\vendor\\bin;',
  'SystemRoot' => 'C:\\Windows',
  'COMSPEC' => 'C:\\Windows\\system32\\cmd.exe',
  'PATHEXT' => '.COM;.EXE;.BAT;.CMD;.VBS;.VBE;.JS;.JSE;.WSF;.WSH;.MSC',
  'WINDIR' => 'C:\\Windows',
  'SERVER_SIGNATURE' => '<address>Apache/2.4.17 (Win32) OpenSSL/1.0.2d PHP/5.6.20 Server at pi.embassyllc.dev Port 443</address>
',
  'SERVER_SOFTWARE' => 'Apache/2.4.17 (Win32) OpenSSL/1.0.2d PHP/5.6.20',
  'SERVER_NAME' => 'pi.embassyllc.dev',
  'SERVER_ADDR' => '127.0.0.1',
  'SERVER_PORT' => '443',
  'REMOTE_ADDR' => '127.0.0.1',
  'DOCUMENT_ROOT' => 'C:/xampp/htdocs/pi.embassyllc.dev',
  'REQUEST_SCHEME' => 'https',
  'CONTEXT_PREFIX' => '',
  'CONTEXT_DOCUMENT_ROOT' => 'C:/xampp/htdocs/pi.embassyllc.dev',
  'SERVER_ADMIN' => 'morussa@embassyllc.com',
  'SCRIPT_FILENAME' => 'C:/xampp/htdocs/pi.embassyllc.dev/index.php',
  'REMOTE_PORT' => '51440',
  'GATEWAY_INTERFACE' => 'CGI/1.1',
  'SERVER_PROTOCOL' => 'HTTP/1.1',
  'REQUEST_METHOD' => 'GET',
  'QUERY_STRING' => '',
  'REQUEST_URI' => '/',
  'SCRIPT_NAME' => '/index.php',
  'PHP_SELF' => '/index.php',
  'REQUEST_TIME_FLOAT' => 1481231392.7460001,
  'REQUEST_TIME' => 1481231392,
)
</pre>
</div><div class="toggleButtonInline">Toggle $_SESSION</div><div class="toggleMe"><div class="break bold">The array named: $_SESSION:</div>
<pre>array (
  'CSRF' => 'def00000e5afae1147a4e03a685306bf1318e255d3b4fa279b6a3b3ac57ac3958c8646be082aa1fdcd23e4a8e2155b5c7e5c7377fda1815a7a4767f785cd71773374b02e',
  'auth' => true,
)
</pre>
</div><div><div class="newPage">From includes/Embassy/Config.php</div></div>
<div><div class="newPage">From includes/Embassy/Secrets.php</div></div>
<div><div class="newPage">From includes/Embassy/Ajax.php</div></div>
<div><div class="newPage">From includes/Embassy/Dbc.php</div></div>
<div><div class="newPage">From includes/Embassy/Page.php</div></div>
<div><div class="newPage">From index.php</div></div>
<div>104 rows returned in on line 666 in file C:\xampp\htdocs\pi.embassyllc.dev\includes\Embassy\ADPToSunLife.php.</div>
<div style="color:red;font-weight:bold;border-top:1px dotted #333;">END DEBUG</div>
</div><div id="debug" class="debug">
<div><span class="debugTitle">BEGIN DEBUG <span>Thursday December 8th, 2016 01:09:52 PM</span></div>
<div>From includes/Embassy/Debug.php</div>
AUTOLINK: https://pi.embassyllc.dev<br>
ENVIRONMENT: development<br>
HTTPS: 1<br>
DATETIME: 2016-12-08 21:09:52<br>
MICROTIME: 63722600<div class="break bold">The array named: cookie params:</div>
<pre>array (
  'lifetime' => 7776000,
  'path' => 'c:/xampp/htdocs/pi.embassyllc.dev/public_html',
  'domain' => '.pi.embassyllc.dev',
  'secure' => false,
  'httponly' => false,
)
</pre>
<div class="toggleButtonInline">Toggle $_COOKIE</div><div class="toggleMe"><div class="break bold">The array named: $_COOKIE:</div>
<pre>array (
  'piSession' => 'ehml210kviaa521geuvku97aj4',
)
</pre>
</div><div class="toggleButtonInline">Toggle $_REQUEST</div><div class="toggleMe"><div class="break bold">The array named: $_REQUEST:</div>
<pre>array (
  'login' => 
  array (
    'CSRF' => 'def00000e5afae1147a4e03a685306bf1318e255d3b4fa279b6a3b3ac57ac3958c8646be082aa1fdcd23e4a8e2155b5c7e5c7377fda1815a7a4767f785cd71773374b02e',
    'password' => '1234',
  ),
  'mode' => 'login',
  'g-recaptcha-response' => '03AHJ_VuttCh5uoDKKzw5jDakTARBMb3Tkfeyv9BQOmGB1wsz9Q9iBieN229YDUdph_Jh-9WzvBD0y9tNnJwJaxQyvysYBcHOrUN6dr_jA_ALGndB4_UvEN6LUZQvbabUzLsZxIt2sDa8rny1pxRROFZb7cDdRuQMpjJwW9liELFLFiXFqd94I87izxLPb3R1_gS1B0_qtmZ8hZh-PQWc2MOCYEGko8YMrt1xTzRkRcJDquBjA5o6PiLujJsKrrGe3MVcUc7zBKu2WTDNE0Qu3DJg1yONK4ipBPnrBoJNAoNUV2J3gts7Vja23wjQxhrQtaehKKGiu0L06nhJ7Z-Iuh1GhiKFAlF3Zr3bpzNiBEgA9oizVIhJAsigKnGXuDuVuP3xvhHLRsFx90MxEeXhsxULuj6DuI_EcE6wYESkDpVR3Q7ws8T4mIrSmu6lcPNlRDj3Wq-RvF0wWbhvAT8nmOdD8cQl0n79PrBfyRd6z0RaZAHKDbgc8bTs2jjLbEfk2wmUDJZ50BJShJwHCCX5KB8oRXwa_T73Ryz5lMv86hmcepZjE9Zq84RIueSz7jAfZvSITlAdwmyOKUJCOIknKxbaN6F38Q8zTwJ_JRiw8D8AxBL7J8LosVopwWN79YOmpKesENJXgd_7HiMyIPlDP0UgFSkkeKPN2m0HIgHKAnRnfbEENXq3iTc4DIhrYtcB7NtKcgkLUQXz7u9fRzBqYVo2lmCaptLTxp9uJgvWTb2oTDc5ZA0xZjxK0cV1ST9coWL290y-Z1PVfiNIpoYkY1Mpg0DB62lc40bqDDDO7ze3milDt95xOe-neIfgZwsaS7RSSzBFAYQaVJ9C-tUmxyhegPpbR76iEfrV0JzrfjYr__O1S1CDhwJFfMMpbRPllP4mLmSTkd9hsmV2z_9234Jc3dnLlu7XrzAQVZK1N0a-k_rlZo3TxinAnD2j2TkvGf2H6U9lpIlUF8g27usgtDKTYVG40Rgoivn1h1FPMnshvfh2llRh5lnHjfuCAvokordMY2He9AyfkW_UQwUx6iyWxoK7GuMs4uKQ32DXK1mBmhrMhu5SQyQg',
)
</pre>
</div><div class="toggleButtonInline">Toggle $_SERVER</div><div class="toggleMe"><div class="break bold">The array named: $_SERVER:</div>
<pre>array (
  'MIBDIRS' => 'C:/xampp/php/extras/mibs',
  'MYSQL_HOME' => '\\xampp\\mysql\\bin',
  'OPENSSL_CONF' => 'C:/xampp/apache/bin/openssl.cnf',
  'PHP_PEAR_SYSCONF_DIR' => '\\xampp\\php',
  'PHPRC' => '\\xampp\\php',
  'TMP' => '\\xampp\\tmp',
  'DEVELOPMENT_PAYROLL_INTERFACES_PORT' => '3306',
  'DEVELOPMENT_PAYROLL_INTERFACES_DATABASE' => 'payroll_interfaces',
  'DEVELOPMENT_PAYROLL_INTERFACES_DATABASE_USER' => 'dev_user',
  'DEVELOPMENT_PAYROLL_INTERFACES_DATABASE_PASSWORD' => '1s6gQXkHtOES',
  'PRODUCTION_PAYROLL_INTERFACES_PORT' => '3306',
  'PRODUCTION_PAYROLL_INTERFACES_DATABASE' => 'payroll_interfaces',
  'PRODUCTION_PAYROLL_INTERFACES_DATABASE_USER' => 'payroll_int',
  'PRODUCTION_PAYROLL_INTERFACES_DATABASE_PASSWORD' => 'pGf6n5r2jNRp',
  'EMS_PASSWORD' => 'Emb11242012',
  'HTTPS' => 'on',
  'SSL_TLS_SNI' => 'pi.embassyllc.dev',
  'SSL_SERVER_S_DN_C' => 'US',
  'SSL_SERVER_S_DN_ST' => 'WA',
  'SSL_SERVER_S_DN_L' => 'Spokane',
  'SSL_SERVER_S_DN_O' => 'Embassy Management, LLC',
  'SSL_SERVER_S_DN_OU' => 'IT Department',
  'SSL_SERVER_S_DN_CN' => 'pi.embassyllc.dev',
  'SSL_SERVER_S_DN_Email' => 'morussa@embassyllc.com',
  'SSL_SERVER_I_DN_C' => 'US',
  'SSL_SERVER_I_DN_ST' => 'WA',
  'SSL_SERVER_I_DN_L' => 'Spokane',
  'SSL_SERVER_I_DN_O' => 'Embassy Management, LLC',
  'SSL_SERVER_I_DN_OU' => 'IT Department',
  'SSL_SERVER_I_DN_CN' => 'pi.embassyllc.dev',
  'SSL_SERVER_I_DN_Email' => 'morussa@embassyllc.com',
  'SSL_VERSION_INTERFACE' => 'mod_ssl/2.4.17',
  'SSL_VERSION_LIBRARY' => 'OpenSSL/1.0.2d',
  'SSL_PROTOCOL' => 'TLSv1',
  'SSL_SECURE_RENEG' => 'true',
  'SSL_COMPRESS_METHOD' => 'NULL',
  'SSL_CIPHER' => 'ECDHE-RSA-AES256-SHA',
  'SSL_CIPHER_EXPORT' => 'false',
  'SSL_CIPHER_USEKEYSIZE' => '256',
  'SSL_CIPHER_ALGKEYSIZE' => '256',
  'SSL_CLIENT_VERIFY' => 'NONE',
  'SSL_SERVER_M_VERSION' => '1',
  'SSL_SERVER_M_SERIAL' => 'CA072A1B76BFB522',
  'SSL_SERVER_V_START' => 'Nov 17 19:51:30 2016 GMT',
  'SSL_SERVER_V_END' => 'Nov 17 19:51:30 2017 GMT',
  'SSL_SERVER_S_DN' => 'emailAddress=morussa@embassyllc.com,CN=pi.embassyllc.dev,OU=IT Department,O=Embassy Management\\, LLC,L=Spokane,ST=WA,C=US',
  'SSL_SERVER_I_DN' => 'emailAddress=morussa@embassyllc.com,CN=pi.embassyllc.dev,OU=IT Department,O=Embassy Management\\, LLC,L=Spokane,ST=WA,C=US',
  'SSL_SERVER_A_KEY' => 'rsaEncryption',
  'SSL_SERVER_A_SIG' => 'sha256WithRSAEncryption',
  'SSL_SESSION_ID' => '5e8cd3cb110ab078c4222461dc4e68fdc03b9c3a2ce24750982eec8cfbf43121',
  'SSL_SESSION_RESUMED' => 'Resumed',
  'HTTP_HOST' => 'pi.embassyllc.dev',
  'HTTP_USER_AGENT' => 'Mozilla/5.0 (Windows NT 6.1; WOW64; rv:50.0) Gecko/20100101 Firefox/50.0',
  'HTTP_ACCEPT' => 'text/html,application/xhtml+xml,application/xml;q=0.9,*/*;q=0.8',
  'HTTP_ACCEPT_LANGUAGE' => 'en-US,en;q=0.5',
  'HTTP_ACCEPT_ENCODING' => 'gzip, deflate, br',
  'HTTP_REFERER' => 'https://pi.embassyllc.dev/login/index.php',
  'HTTP_COOKIE' => 'piSession=ehml210kviaa521geuvku97aj4',
  'HTTP_DNT' => '1',
  'HTTP_CONNECTION' => 'keep-alive',
  'HTTP_UPGRADE_INSECURE_REQUESTS' => '1',
  'CONTENT_TYPE' => 'application/x-www-form-urlencoded',
  'CONTENT_LENGTH' => '1291',
  'PATH' => 'c:\\graphicsmagick-1.3.24-q16;C:\\ImageMagick-7.0.2-Q16;C:\\ProgramData\\Oracle\\Java\\javapath;C:\\RailsInstaller\\Git\\cmd;C:\\RailsInstaller\\Ruby2.2.0\\bin;C:\\Windows\\system32;C:\\Windows;C:\\Windows\\System32\\Wbem;C:\\Windows\\System32\\WindowsPowerShell\\v1.0\\;C:\\Program Files\\Git\\cmd;C:\\Program Files (x86)\\nodejs\\;C:\\xampp\\php;C:\\ProgramData\\ComposerSetup\\bin;C:\\HashiCorp\\Vagrant\\bin;C:\\Users\\morussa\\AppData\\Roaming\\Composer\\vendor\\bin;',
  'SystemRoot' => 'C:\\Windows',
  'COMSPEC' => 'C:\\Windows\\system32\\cmd.exe',
  'PATHEXT' => '.COM;.EXE;.BAT;.CMD;.VBS;.VBE;.JS;.JSE;.WSF;.WSH;.MSC',
  'WINDIR' => 'C:\\Windows',
  'SERVER_SIGNATURE' => '<address>Apache/2.4.17 (Win32) OpenSSL/1.0.2d PHP/5.6.20 Server at pi.embassyllc.dev Port 443</address>
',
  'SERVER_SOFTWARE' => 'Apache/2.4.17 (Win32) OpenSSL/1.0.2d PHP/5.6.20',
  'SERVER_NAME' => 'pi.embassyllc.dev',
  'SERVER_ADDR' => '127.0.0.1',
  'SERVER_PORT' => '443',
  'REMOTE_ADDR' => '127.0.0.1',
  'DOCUMENT_ROOT' => 'C:/xampp/htdocs/pi.embassyllc.dev',
  'REQUEST_SCHEME' => 'https',
  'CONTEXT_PREFIX' => '',
  'CONTEXT_DOCUMENT_ROOT' => 'C:/xampp/htdocs/pi.embassyllc.dev',
  'SERVER_ADMIN' => 'morussa@embassyllc.com',
  'SCRIPT_FILENAME' => 'C:/xampp/htdocs/pi.embassyllc.dev/login/index.php',
  'REMOTE_PORT' => '51440',
  'GATEWAY_INTERFACE' => 'CGI/1.1',
  'SERVER_PROTOCOL' => 'HTTP/1.1',
  'REQUEST_METHOD' => 'POST',
  'QUERY_STRING' => '',
  'REQUEST_URI' => '/login/index.php',
  'SCRIPT_NAME' => '/login/index.php',
  'PHP_SELF' => '/login/index.php',
  'REQUEST_TIME_FLOAT' => 1481231392.6370001,
  'REQUEST_TIME' => 1481231392,
)
</pre>
</div><div class="toggleButtonInline">Toggle $_SESSION</div><div class="toggleMe"><div class="break bold">The array named: $_SESSION:</div>
<pre>array (
  'CSRF' => 'def00000e5afae1147a4e03a685306bf1318e255d3b4fa279b6a3b3ac57ac3958c8646be082aa1fdcd23e4a8e2155b5c7e5c7377fda1815a7a4767f785cd71773374b02e',
  'auth' => true,
)
</pre>
</div><div><div class="newPage">From includes/Embassy/Config.php</div></div>
<div><div class="newPage">From includes/Embassy/Secrets.php</div></div>
<div><div class="newPage">From includes/Embassy/Ajax.php</div></div>
<div><div class="newPage">From includes/Embassy/Dbc.php</div></div>
<div>Inside Auth::login().</div>
<div>Inside the login method. $_POST['g-recaptcha-response'] is set.</div>
<div>Google Captcha response was good.</div>
<div>We successfully logged in as regular user. Trying to redirect to home.</div>
<div><div class="newPage">From includes/Embassy/Page.php</div></div>
<div><div class="newPage">From login/index.php</div></div>
<div><div class="newPage">From includes/Embassy/Form.php</div></div>
<div style="color:red;font-weight:bold;border-top:1px dotted #333;">END DEBUG</div>
</div><div id="debug" class="debug">
<div><span class="debugTitle">BEGIN DEBUG <span>Thursday December 8th, 2016 01:09:38 PM</span></div>
<div>From includes/Embassy/Debug.php</div>
AUTOLINK: https://pi.embassyllc.dev<br>
ENVIRONMENT: development<br>
HTTPS: 1<br>
DATETIME: 2016-12-08 21:09:38<br>
MICROTIME: 81394200<div class="break bold">The array named: cookie params:</div>
<pre>array (
  'lifetime' => 7776000,
  'path' => 'c:/xampp/htdocs/pi.embassyllc.dev/public_html',
  'domain' => '.pi.embassyllc.dev',
  'secure' => false,
  'httponly' => false,
)
</pre>
<div class="toggleButtonInline">Toggle $_COOKIE</div><div class="toggleMe"><div class="break bold">The array named: $_COOKIE:</div>
<pre>array (
  'piSession' => 'ehml210kviaa521geuvku97aj4',
)
</pre>
</div><div class="toggleButtonInline">Toggle $_REQUEST</div><div class="toggleMe"><div class="break bold">The array named: $_REQUEST:</div>
<pre>array (
)
</pre>
</div><div class="toggleButtonInline">Toggle $_SERVER</div><div class="toggleMe"><div class="break bold">The array named: $_SERVER:</div>
<pre>array (
  'MIBDIRS' => 'C:/xampp/php/extras/mibs',
  'MYSQL_HOME' => '\\xampp\\mysql\\bin',
  'OPENSSL_CONF' => 'C:/xampp/apache/bin/openssl.cnf',
  'PHP_PEAR_SYSCONF_DIR' => '\\xampp\\php',
  'PHPRC' => '\\xampp\\php',
  'TMP' => '\\xampp\\tmp',
  'DEVELOPMENT_PAYROLL_INTERFACES_PORT' => '3306',
  'DEVELOPMENT_PAYROLL_INTERFACES_DATABASE' => 'payroll_interfaces',
  'DEVELOPMENT_PAYROLL_INTERFACES_DATABASE_USER' => 'dev_user',
  'DEVELOPMENT_PAYROLL_INTERFACES_DATABASE_PASSWORD' => '1s6gQXkHtOES',
  'PRODUCTION_PAYROLL_INTERFACES_PORT' => '3306',
  'PRODUCTION_PAYROLL_INTERFACES_DATABASE' => 'payroll_interfaces',
  'PRODUCTION_PAYROLL_INTERFACES_DATABASE_USER' => 'payroll_int',
  'PRODUCTION_PAYROLL_INTERFACES_DATABASE_PASSWORD' => 'pGf6n5r2jNRp',
  'EMS_PASSWORD' => 'Emb11242012',
  'HTTPS' => 'on',
  'SSL_TLS_SNI' => 'pi.embassyllc.dev',
  'SSL_SERVER_S_DN_C' => 'US',
  'SSL_SERVER_S_DN_ST' => 'WA',
  'SSL_SERVER_S_DN_L' => 'Spokane',
  'SSL_SERVER_S_DN_O' => 'Embassy Management, LLC',
  'SSL_SERVER_S_DN_OU' => 'IT Department',
  'SSL_SERVER_S_DN_CN' => 'pi.embassyllc.dev',
  'SSL_SERVER_S_DN_Email' => 'morussa@embassyllc.com',
  'SSL_SERVER_I_DN_C' => 'US',
  'SSL_SERVER_I_DN_ST' => 'WA',
  'SSL_SERVER_I_DN_L' => 'Spokane',
  'SSL_SERVER_I_DN_O' => 'Embassy Management, LLC',
  'SSL_SERVER_I_DN_OU' => 'IT Department',
  'SSL_SERVER_I_DN_CN' => 'pi.embassyllc.dev',
  'SSL_SERVER_I_DN_Email' => 'morussa@embassyllc.com',
  'SSL_VERSION_INTERFACE' => 'mod_ssl/2.4.17',
  'SSL_VERSION_LIBRARY' => 'OpenSSL/1.0.2d',
  'SSL_PROTOCOL' => 'TLSv1',
  'SSL_SECURE_RENEG' => 'true',
  'SSL_COMPRESS_METHOD' => 'NULL',
  'SSL_CIPHER' => 'ECDHE-RSA-AES256-SHA',
  'SSL_CIPHER_EXPORT' => 'false',
  'SSL_CIPHER_USEKEYSIZE' => '256',
  'SSL_CIPHER_ALGKEYSIZE' => '256',
  'SSL_CLIENT_VERIFY' => 'NONE',
  'SSL_SERVER_M_VERSION' => '1',
  'SSL_SERVER_M_SERIAL' => 'CA072A1B76BFB522',
  'SSL_SERVER_V_START' => 'Nov 17 19:51:30 2016 GMT',
  'SSL_SERVER_V_END' => 'Nov 17 19:51:30 2017 GMT',
  'SSL_SERVER_S_DN' => 'emailAddress=morussa@embassyllc.com,CN=pi.embassyllc.dev,OU=IT Department,O=Embassy Management\\, LLC,L=Spokane,ST=WA,C=US',
  'SSL_SERVER_I_DN' => 'emailAddress=morussa@embassyllc.com,CN=pi.embassyllc.dev,OU=IT Department,O=Embassy Management\\, LLC,L=Spokane,ST=WA,C=US',
  'SSL_SERVER_A_KEY' => 'rsaEncryption',
  'SSL_SERVER_A_SIG' => 'sha256WithRSAEncryption',
  'SSL_SESSION_RESUMED' => 'Initial',
  'HTTP_HOST' => 'pi.embassyllc.dev',
  'HTTP_USER_AGENT' => 'Mozilla/5.0 (Windows NT 6.1; WOW64; rv:50.0) Gecko/20100101 Firefox/50.0',
  'HTTP_ACCEPT' => 'text/html,application/xhtml+xml,application/xml;q=0.9,*/*;q=0.8',
  'HTTP_ACCEPT_LANGUAGE' => 'en-US,en;q=0.5',
  'HTTP_ACCEPT_ENCODING' => 'gzip, deflate, br',
  'HTTP_COOKIE' => 'piSession=ehml210kviaa521geuvku97aj4',
  'HTTP_DNT' => '1',
  'HTTP_CONNECTION' => 'keep-alive',
  'HTTP_UPGRADE_INSECURE_REQUESTS' => '1',
  'PATH' => 'c:\\graphicsmagick-1.3.24-q16;C:\\ImageMagick-7.0.2-Q16;C:\\ProgramData\\Oracle\\Java\\javapath;C:\\RailsInstaller\\Git\\cmd;C:\\RailsInstaller\\Ruby2.2.0\\bin;C:\\Windows\\system32;C:\\Windows;C:\\Windows\\System32\\Wbem;C:\\Windows\\System32\\WindowsPowerShell\\v1.0\\;C:\\Program Files\\Git\\cmd;C:\\Program Files (x86)\\nodejs\\;C:\\xampp\\php;C:\\ProgramData\\ComposerSetup\\bin;C:\\HashiCorp\\Vagrant\\bin;C:\\Users\\morussa\\AppData\\Roaming\\Composer\\vendor\\bin;',
  'SystemRoot' => 'C:\\Windows',
  'COMSPEC' => 'C:\\Windows\\system32\\cmd.exe',
  'PATHEXT' => '.COM;.EXE;.BAT;.CMD;.VBS;.VBE;.JS;.JSE;.WSF;.WSH;.MSC',
  'WINDIR' => 'C:\\Windows',
  'SERVER_SIGNATURE' => '<address>Apache/2.4.17 (Win32) OpenSSL/1.0.2d PHP/5.6.20 Server at pi.embassyllc.dev Port 443</address>
',
  'SERVER_SOFTWARE' => 'Apache/2.4.17 (Win32) OpenSSL/1.0.2d PHP/5.6.20',
  'SERVER_NAME' => 'pi.embassyllc.dev',
  'SERVER_ADDR' => '127.0.0.1',
  'SERVER_PORT' => '443',
  'REMOTE_ADDR' => '127.0.0.1',
  'DOCUMENT_ROOT' => 'C:/xampp/htdocs/pi.embassyllc.dev',
  'REQUEST_SCHEME' => 'https',
  'CONTEXT_PREFIX' => '',
  'CONTEXT_DOCUMENT_ROOT' => 'C:/xampp/htdocs/pi.embassyllc.dev',
  'SERVER_ADMIN' => 'morussa@embassyllc.com',
  'SCRIPT_FILENAME' => 'C:/xampp/htdocs/pi.embassyllc.dev/login/index.php',
  'REMOTE_PORT' => '51429',
  'GATEWAY_INTERFACE' => 'CGI/1.1',
  'SERVER_PROTOCOL' => 'HTTP/1.1',
  'REQUEST_METHOD' => 'GET',
  'QUERY_STRING' => '',
  'REQUEST_URI' => '/login/index.php',
  'SCRIPT_NAME' => '/login/index.php',
  'PHP_SELF' => '/login/index.php',
  'REQUEST_TIME_FLOAT' => 1481231378.813,
  'REQUEST_TIME' => 1481231378,
)
</pre>
</div><div class="toggleButtonInline">Toggle $_SESSION</div><div class="toggleMe"><div class="break bold">The array named: $_SESSION:</div>
<pre>array (
  'CSRF' => 'def00000e5afae1147a4e03a685306bf1318e255d3b4fa279b6a3b3ac57ac3958c8646be082aa1fdcd23e4a8e2155b5c7e5c7377fda1815a7a4767f785cd71773374b02e',
)
</pre>
</div><div><div class="newPage">From includes/Embassy/Config.php</div></div>
<div><div class="newPage">From includes/Embassy/Secrets.php</div></div>
<div><div class="newPage">From includes/Embassy/Ajax.php</div></div>
<div><div class="newPage">From includes/Embassy/Dbc.php</div></div>
<div><div class="newPage">From includes/Embassy/Page.php</div></div>
<div><div class="newPage">From login/index.php</div></div>
<div><div class="newPage">From includes/Embassy/Form.php</div></div>
<div style="color:red;font-weight:bold;border-top:1px dotted #333;">END DEBUG</div>
</div><div id="debug" class="debug">
<div><span class="debugTitle">BEGIN DEBUG <span>Thursday December 8th, 2016 01:01:16 PM</span></div>
<div>From includes/Embassy/Debug.php</div>
AUTOLINK: https://pi.embassyllc.dev<br>
ENVIRONMENT: development<br>
HTTPS: 1<br>
DATETIME: 2016-12-08 21:01:16<br>
MICROTIME: 17000500<div class="break bold">The array named: cookie params:</div>
<pre>array (
  'lifetime' => 7776000,
  'path' => 'c:/xampp/htdocs/pi.embassyllc.dev/public_html',
  'domain' => '.pi.embassyllc.dev',
  'secure' => false,
  'httponly' => false,
)
</pre>
<div class="toggleButtonInline">Toggle $_COOKIE</div><div class="toggleMe"><div class="break bold">The array named: $_COOKIE:</div>
<pre>array (
  'piSession' => 'ehml210kviaa521geuvku97aj4',
)
</pre>
</div><div class="toggleButtonInline">Toggle $_REQUEST</div><div class="toggleMe"><div class="break bold">The array named: $_REQUEST:</div>
<pre>array (
)
</pre>
</div><div class="toggleButtonInline">Toggle $_SERVER</div><div class="toggleMe"><div class="break bold">The array named: $_SERVER:</div>
<pre>array (
  'MIBDIRS' => 'C:/xampp/php/extras/mibs',
  'MYSQL_HOME' => '\\xampp\\mysql\\bin',
  'OPENSSL_CONF' => 'C:/xampp/apache/bin/openssl.cnf',
  'PHP_PEAR_SYSCONF_DIR' => '\\xampp\\php',
  'PHPRC' => '\\xampp\\php',
  'TMP' => '\\xampp\\tmp',
  'DEVELOPMENT_PAYROLL_INTERFACES_PORT' => '3306',
  'DEVELOPMENT_PAYROLL_INTERFACES_DATABASE' => 'payroll_interfaces',
  'DEVELOPMENT_PAYROLL_INTERFACES_DATABASE_USER' => 'dev_user',
  'DEVELOPMENT_PAYROLL_INTERFACES_DATABASE_PASSWORD' => '1s6gQXkHtOES',
  'PRODUCTION_PAYROLL_INTERFACES_PORT' => '3306',
  'PRODUCTION_PAYROLL_INTERFACES_DATABASE' => 'payroll_interfaces',
  'PRODUCTION_PAYROLL_INTERFACES_DATABASE_USER' => 'payroll_int',
  'PRODUCTION_PAYROLL_INTERFACES_DATABASE_PASSWORD' => 'pGf6n5r2jNRp',
  'EMS_PASSWORD' => 'Emb11242012',
  'HTTPS' => 'on',
  'SSL_TLS_SNI' => 'pi.embassyllc.dev',
  'SSL_SERVER_S_DN_C' => 'US',
  'SSL_SERVER_S_DN_ST' => 'WA',
  'SSL_SERVER_S_DN_L' => 'Spokane',
  'SSL_SERVER_S_DN_O' => 'Embassy Management, LLC',
  'SSL_SERVER_S_DN_OU' => 'IT Department',
  'SSL_SERVER_S_DN_CN' => 'pi.embassyllc.dev',
  'SSL_SERVER_S_DN_Email' => 'morussa@embassyllc.com',
  'SSL_SERVER_I_DN_C' => 'US',
  'SSL_SERVER_I_DN_ST' => 'WA',
  'SSL_SERVER_I_DN_L' => 'Spokane',
  'SSL_SERVER_I_DN_O' => 'Embassy Management, LLC',
  'SSL_SERVER_I_DN_OU' => 'IT Department',
  'SSL_SERVER_I_DN_CN' => 'pi.embassyllc.dev',
  'SSL_SERVER_I_DN_Email' => 'morussa@embassyllc.com',
  'SSL_VERSION_INTERFACE' => 'mod_ssl/2.4.17',
  'SSL_VERSION_LIBRARY' => 'OpenSSL/1.0.2d',
  'SSL_PROTOCOL' => 'TLSv1',
  'SSL_SECURE_RENEG' => 'true',
  'SSL_COMPRESS_METHOD' => 'NULL',
  'SSL_CIPHER' => 'ECDHE-RSA-AES256-SHA',
  'SSL_CIPHER_EXPORT' => 'false',
  'SSL_CIPHER_USEKEYSIZE' => '256',
  'SSL_CIPHER_ALGKEYSIZE' => '256',
  'SSL_CLIENT_VERIFY' => 'NONE',
  'SSL_SERVER_M_VERSION' => '1',
  'SSL_SERVER_M_SERIAL' => 'CA072A1B76BFB522',
  'SSL_SERVER_V_START' => 'Nov 17 19:51:30 2016 GMT',
  'SSL_SERVER_V_END' => 'Nov 17 19:51:30 2017 GMT',
  'SSL_SERVER_S_DN' => 'emailAddress=morussa@embassyllc.com,CN=pi.embassyllc.dev,OU=IT Department,O=Embassy Management\\, LLC,L=Spokane,ST=WA,C=US',
  'SSL_SERVER_I_DN' => 'emailAddress=morussa@embassyllc.com,CN=pi.embassyllc.dev,OU=IT Department,O=Embassy Management\\, LLC,L=Spokane,ST=WA,C=US',
  'SSL_SERVER_A_KEY' => 'rsaEncryption',
  'SSL_SERVER_A_SIG' => 'sha256WithRSAEncryption',
  'SSL_SESSION_ID' => '6f03af885f08a666a82da37b7256de41ca11ea4fd2263c9b0420321c5654b60c',
  'SSL_SESSION_RESUMED' => 'Resumed',
  'HTTP_HOST' => 'pi.embassyllc.dev',
  'HTTP_USER_AGENT' => 'Mozilla/5.0 (Windows NT 6.1; WOW64; rv:50.0) Gecko/20100101 Firefox/50.0',
  'HTTP_ACCEPT' => 'text/html,application/xhtml+xml,application/xml;q=0.9,*/*;q=0.8',
  'HTTP_ACCEPT_LANGUAGE' => 'en-US,en;q=0.5',
  'HTTP_ACCEPT_ENCODING' => 'gzip, deflate, br',
  'HTTP_COOKIE' => 'piSession=ehml210kviaa521geuvku97aj4',
  'HTTP_DNT' => '1',
  'HTTP_CONNECTION' => 'keep-alive',
  'HTTP_UPGRADE_INSECURE_REQUESTS' => '1',
  'PATH' => 'c:\\graphicsmagick-1.3.24-q16;C:\\ImageMagick-7.0.2-Q16;C:\\ProgramData\\Oracle\\Java\\javapath;C:\\RailsInstaller\\Git\\cmd;C:\\RailsInstaller\\Ruby2.2.0\\bin;C:\\Windows\\system32;C:\\Windows;C:\\Windows\\System32\\Wbem;C:\\Windows\\System32\\WindowsPowerShell\\v1.0\\;C:\\Program Files\\Git\\cmd;C:\\Program Files (x86)\\nodejs\\;C:\\xampp\\php;C:\\ProgramData\\ComposerSetup\\bin;C:\\HashiCorp\\Vagrant\\bin;C:\\Users\\morussa\\AppData\\Roaming\\Composer\\vendor\\bin;',
  'SystemRoot' => 'C:\\Windows',
  'COMSPEC' => 'C:\\Windows\\system32\\cmd.exe',
  'PATHEXT' => '.COM;.EXE;.BAT;.CMD;.VBS;.VBE;.JS;.JSE;.WSF;.WSH;.MSC',
  'WINDIR' => 'C:\\Windows',
  'SERVER_SIGNATURE' => '<address>Apache/2.4.17 (Win32) OpenSSL/1.0.2d PHP/5.6.20 Server at pi.embassyllc.dev Port 443</address>
',
  'SERVER_SOFTWARE' => 'Apache/2.4.17 (Win32) OpenSSL/1.0.2d PHP/5.6.20',
  'SERVER_NAME' => 'pi.embassyllc.dev',
  'SERVER_ADDR' => '127.0.0.1',
  'SERVER_PORT' => '443',
  'REMOTE_ADDR' => '127.0.0.1',
  'DOCUMENT_ROOT' => 'C:/xampp/htdocs/pi.embassyllc.dev',
  'REQUEST_SCHEME' => 'https',
  'CONTEXT_PREFIX' => '',
  'CONTEXT_DOCUMENT_ROOT' => 'C:/xampp/htdocs/pi.embassyllc.dev',
  'SERVER_ADMIN' => 'morussa@embassyllc.com',
  'SCRIPT_FILENAME' => 'C:/xampp/htdocs/pi.embassyllc.dev/login/index.php',
  'REMOTE_PORT' => '51397',
  'GATEWAY_INTERFACE' => 'CGI/1.1',
  'SERVER_PROTOCOL' => 'HTTP/1.1',
  'REQUEST_METHOD' => 'GET',
  'QUERY_STRING' => '',
  'REQUEST_URI' => '/login/index.php',
  'SCRIPT_NAME' => '/login/index.php',
  'PHP_SELF' => '/login/index.php',
  'REQUEST_TIME_FLOAT' => 1481230876.1700001,
  'REQUEST_TIME' => 1481230876,
)
</pre>
</div><div class="toggleButtonInline">Toggle $_SESSION</div><div class="toggleMe"><div class="break bold">The array named: $_SESSION:</div>
<pre>array (
  'CSRF' => 'def00000e5afae1147a4e03a685306bf1318e255d3b4fa279b6a3b3ac57ac3958c8646be082aa1fdcd23e4a8e2155b5c7e5c7377fda1815a7a4767f785cd71773374b02e',
)
</pre>
</div><div><div class="newPage">From includes/Embassy/Config.php</div></div>
<div><div class="newPage">From includes/Embassy/Secrets.php</div></div>
<div><div class="newPage">From includes/Embassy/Ajax.php</div></div>
<div><div class="newPage">From includes/Embassy/Dbc.php</div></div>
<div><div class="newPage">From includes/Embassy/Page.php</div></div>
<div><div class="newPage">From login/index.php</div></div>
<div><div class="newPage">From includes/Embassy/Form.php</div></div>
<div style="color:red;font-weight:bold;border-top:1px dotted #333;">END DEBUG</div>
</div><div id="debug" class="debug">
<div><span class="debugTitle">BEGIN DEBUG <span>Thursday December 8th, 2016 01:01:08 PM</span></div>
<div>From includes/Embassy/Debug.php</div>
AUTOLINK: https://pi.embassyllc.dev<br>
ENVIRONMENT: development<br>
HTTPS: 1<br>
DATETIME: 2016-12-08 21:01:08<br>
MICROTIME: 22965600<div class="break bold">The array named: cookie params:</div>
<pre>array (
  'lifetime' => 7776000,
  'path' => 'c:/xampp/htdocs/pi.embassyllc.dev/public_html',
  'domain' => '.pi.embassyllc.dev',
  'secure' => false,
  'httponly' => false,
)
</pre>
<div class="toggleButtonInline">Toggle $_COOKIE</div><div class="toggleMe"><div class="break bold">The array named: $_COOKIE:</div>
<pre>array (
  'piSession' => 'ehml210kviaa521geuvku97aj4',
)
</pre>
</div><div class="toggleButtonInline">Toggle $_REQUEST</div><div class="toggleMe"><div class="break bold">The array named: $_REQUEST:</div>
<pre>array (
)
</pre>
</div><div class="toggleButtonInline">Toggle $_SERVER</div><div class="toggleMe"><div class="break bold">The array named: $_SERVER:</div>
<pre>array (
  'MIBDIRS' => 'C:/xampp/php/extras/mibs',
  'MYSQL_HOME' => '\\xampp\\mysql\\bin',
  'OPENSSL_CONF' => 'C:/xampp/apache/bin/openssl.cnf',
  'PHP_PEAR_SYSCONF_DIR' => '\\xampp\\php',
  'PHPRC' => '\\xampp\\php',
  'TMP' => '\\xampp\\tmp',
  'DEVELOPMENT_PAYROLL_INTERFACES_PORT' => '3306',
  'DEVELOPMENT_PAYROLL_INTERFACES_DATABASE' => 'payroll_interfaces',
  'DEVELOPMENT_PAYROLL_INTERFACES_DATABASE_USER' => 'dev_user',
  'DEVELOPMENT_PAYROLL_INTERFACES_DATABASE_PASSWORD' => '1s6gQXkHtOES',
  'PRODUCTION_PAYROLL_INTERFACES_PORT' => '3306',
  'PRODUCTION_PAYROLL_INTERFACES_DATABASE' => 'payroll_interfaces',
  'PRODUCTION_PAYROLL_INTERFACES_DATABASE_USER' => 'payroll_int',
  'PRODUCTION_PAYROLL_INTERFACES_DATABASE_PASSWORD' => 'pGf6n5r2jNRp',
  'EMS_PASSWORD' => 'Emb11242012',
  'HTTPS' => 'on',
  'SSL_TLS_SNI' => 'pi.embassyllc.dev',
  'SSL_SERVER_S_DN_C' => 'US',
  'SSL_SERVER_S_DN_ST' => 'WA',
  'SSL_SERVER_S_DN_L' => 'Spokane',
  'SSL_SERVER_S_DN_O' => 'Embassy Management, LLC',
  'SSL_SERVER_S_DN_OU' => 'IT Department',
  'SSL_SERVER_S_DN_CN' => 'pi.embassyllc.dev',
  'SSL_SERVER_S_DN_Email' => 'morussa@embassyllc.com',
  'SSL_SERVER_I_DN_C' => 'US',
  'SSL_SERVER_I_DN_ST' => 'WA',
  'SSL_SERVER_I_DN_L' => 'Spokane',
  'SSL_SERVER_I_DN_O' => 'Embassy Management, LLC',
  'SSL_SERVER_I_DN_OU' => 'IT Department',
  'SSL_SERVER_I_DN_CN' => 'pi.embassyllc.dev',
  'SSL_SERVER_I_DN_Email' => 'morussa@embassyllc.com',
  'SSL_VERSION_INTERFACE' => 'mod_ssl/2.4.17',
  'SSL_VERSION_LIBRARY' => 'OpenSSL/1.0.2d',
  'SSL_PROTOCOL' => 'TLSv1',
  'SSL_SECURE_RENEG' => 'true',
  'SSL_COMPRESS_METHOD' => 'NULL',
  'SSL_CIPHER' => 'ECDHE-RSA-AES256-SHA',
  'SSL_CIPHER_EXPORT' => 'false',
  'SSL_CIPHER_USEKEYSIZE' => '256',
  'SSL_CIPHER_ALGKEYSIZE' => '256',
  'SSL_CLIENT_VERIFY' => 'NONE',
  'SSL_SERVER_M_VERSION' => '1',
  'SSL_SERVER_M_SERIAL' => 'CA072A1B76BFB522',
  'SSL_SERVER_V_START' => 'Nov 17 19:51:30 2016 GMT',
  'SSL_SERVER_V_END' => 'Nov 17 19:51:30 2017 GMT',
  'SSL_SERVER_S_DN' => 'emailAddress=morussa@embassyllc.com,CN=pi.embassyllc.dev,OU=IT Department,O=Embassy Management\\, LLC,L=Spokane,ST=WA,C=US',
  'SSL_SERVER_I_DN' => 'emailAddress=morussa@embassyllc.com,CN=pi.embassyllc.dev,OU=IT Department,O=Embassy Management\\, LLC,L=Spokane,ST=WA,C=US',
  'SSL_SERVER_A_KEY' => 'rsaEncryption',
  'SSL_SERVER_A_SIG' => 'sha256WithRSAEncryption',
  'SSL_SESSION_ID' => '6f03af885f08a666a82da37b7256de41ca11ea4fd2263c9b0420321c5654b60c',
  'SSL_SESSION_RESUMED' => 'Resumed',
  'HTTP_HOST' => 'pi.embassyllc.dev',
  'HTTP_USER_AGENT' => 'Mozilla/5.0 (Windows NT 6.1; WOW64; rv:50.0) Gecko/20100101 Firefox/50.0',
  'HTTP_ACCEPT' => 'text/html,application/xhtml+xml,application/xml;q=0.9,*/*;q=0.8',
  'HTTP_ACCEPT_LANGUAGE' => 'en-US,en;q=0.5',
  'HTTP_ACCEPT_ENCODING' => 'gzip, deflate, br',
  'HTTP_COOKIE' => 'piSession=ehml210kviaa521geuvku97aj4',
  'HTTP_DNT' => '1',
  'HTTP_CONNECTION' => 'keep-alive',
  'HTTP_UPGRADE_INSECURE_REQUESTS' => '1',
  'PATH' => 'c:\\graphicsmagick-1.3.24-q16;C:\\ImageMagick-7.0.2-Q16;C:\\ProgramData\\Oracle\\Java\\javapath;C:\\RailsInstaller\\Git\\cmd;C:\\RailsInstaller\\Ruby2.2.0\\bin;C:\\Windows\\system32;C:\\Windows;C:\\Windows\\System32\\Wbem;C:\\Windows\\System32\\WindowsPowerShell\\v1.0\\;C:\\Program Files\\Git\\cmd;C:\\Program Files (x86)\\nodejs\\;C:\\xampp\\php;C:\\ProgramData\\ComposerSetup\\bin;C:\\HashiCorp\\Vagrant\\bin;C:\\Users\\morussa\\AppData\\Roaming\\Composer\\vendor\\bin;',
  'SystemRoot' => 'C:\\Windows',
  'COMSPEC' => 'C:\\Windows\\system32\\cmd.exe',
  'PATHEXT' => '.COM;.EXE;.BAT;.CMD;.VBS;.VBE;.JS;.JSE;.WSF;.WSH;.MSC',
  'WINDIR' => 'C:\\Windows',
  'SERVER_SIGNATURE' => '<address>Apache/2.4.17 (Win32) OpenSSL/1.0.2d PHP/5.6.20 Server at pi.embassyllc.dev Port 443</address>
',
  'SERVER_SOFTWARE' => 'Apache/2.4.17 (Win32) OpenSSL/1.0.2d PHP/5.6.20',
  'SERVER_NAME' => 'pi.embassyllc.dev',
  'SERVER_ADDR' => '127.0.0.1',
  'SERVER_PORT' => '443',
  'REMOTE_ADDR' => '127.0.0.1',
  'DOCUMENT_ROOT' => 'C:/xampp/htdocs/pi.embassyllc.dev',
  'REQUEST_SCHEME' => 'https',
  'CONTEXT_PREFIX' => '',
  'CONTEXT_DOCUMENT_ROOT' => 'C:/xampp/htdocs/pi.embassyllc.dev',
  'SERVER_ADMIN' => 'morussa@embassyllc.com',
  'SCRIPT_FILENAME' => 'C:/xampp/htdocs/pi.embassyllc.dev/login/index.php',
  'REMOTE_PORT' => '51395',
  'GATEWAY_INTERFACE' => 'CGI/1.1',
  'SERVER_PROTOCOL' => 'HTTP/1.1',
  'REQUEST_METHOD' => 'GET',
  'QUERY_STRING' => '',
  'REQUEST_URI' => '/login/index.php',
  'SCRIPT_NAME' => '/login/index.php',
  'PHP_SELF' => '/login/index.php',
  'REQUEST_TIME_FLOAT' => 1481230868.2290001,
  'REQUEST_TIME' => 1481230868,
)
</pre>
</div><div class="toggleButtonInline">Toggle $_SESSION</div><div class="toggleMe"><div class="break bold">The array named: $_SESSION:</div>
<pre>array (
  'CSRF' => 'def00000e5afae1147a4e03a685306bf1318e255d3b4fa279b6a3b3ac57ac3958c8646be082aa1fdcd23e4a8e2155b5c7e5c7377fda1815a7a4767f785cd71773374b02e',
)
</pre>
</div><div><div class="newPage">From includes/Embassy/Config.php</div></div>
<div><div class="newPage">From includes/Embassy/Secrets.php</div></div>
<div><div class="newPage">From includes/Embassy/Ajax.php</div></div>
<div><div class="newPage">From includes/Embassy/Dbc.php</div></div>
<div><div class="newPage">From includes/Embassy/Page.php</div></div>
<div><div class="newPage">From login/index.php</div></div>
<div><div class="newPage">From includes/Embassy/Form.php</div></div>
<div style="color:red;font-weight:bold;border-top:1px dotted #333;">END DEBUG</div>
</div><div id="debug" class="debug">
<div><span class="debugTitle">BEGIN DEBUG <span>Thursday December 8th, 2016 01:00:18 PM</span></div>
<div>From includes/Embassy/Debug.php</div>
AUTOLINK: https://pi.embassyllc.dev<br>
ENVIRONMENT: development<br>
HTTPS: 1<br>
DATETIME: 2016-12-08 21:00:18<br>
MICROTIME: 19877700<div class="break bold">The array named: cookie params:</div>
<pre>array (
  'lifetime' => 7776000,
  'path' => 'c:/xampp/htdocs/pi.embassyllc.dev/public_html',
  'domain' => '.pi.embassyllc.dev',
  'secure' => false,
  'httponly' => false,
)
</pre>
<div class="toggleButtonInline">Toggle $_COOKIE</div><div class="toggleMe"><div class="break bold">The array named: $_COOKIE:</div>
<pre>array (
  'piSession' => 'ehml210kviaa521geuvku97aj4',
)
</pre>
</div><div class="toggleButtonInline">Toggle $_REQUEST</div><div class="toggleMe"><div class="break bold">The array named: $_REQUEST:</div>
<pre>array (
  'login' => 
  array (
    'CSRF' => 'def00000e5afae1147a4e03a685306bf1318e255d3b4fa279b6a3b3ac57ac3958c8646be082aa1fdcd23e4a8e2155b5c7e5c7377fda1815a7a4767f785cd71773374b02e',
    'password' => '',
  ),
  'mode' => 'login',
  'g-recaptcha-response' => '03AHJ_VusIF-xM2VAm117ATIhQ0llwBj3SzoZkf35-sVnf7i2F39OYaec0NRMJ7Cl1WdXvIdwMkFDJM_8iHU2N1xWr-uudcHYblSVnxXuMNzrev49UNocDZxWezr1XAXhTT7i3BOH27QFE2d2LUhDbctqVljifGOdBRWULW8c1lhI302GV0E0XdZ0wnJ0IdatHL2I-KEpDb84zQXgmK-opTIlbx77LpWCa6ggeMo8wanDMqBPK686o-FMuA1w0fe1fK0pCxLKIzq5ujVEBlXmyuTeq1_R0n9opNHRpB_zE9t3crhvUqRdJ9Fj6tXbvrUFrXzh6Ccyej3FdDvkqSHSBE81XeiLxKcZ5nXv4ImfnWIS5yEuyPo71wmBffa_QB25qdptWfvkKfhrIEyvNqOlm1AdZKix_781AWHofU0EKbBwP2neU6J_ZmJGncaSnGx0zOQSZ0y1NLwkvUKwASCBTdNpBaiH_xV33JhOXMYVBr7FMM_fACjdbCHEW7rPTm1dZqVtI05XAEMraQuQ7F4MIJWNeyJi4c5uoOcv4Rcq51yYGZaP58P1kS-RqVVeY1Mai22nloqnKIK0szLVySUvTZhK47Wz_R8x0lCjDmMXn3WQz8l92o4iN9CUOpM3QA1QOr6s3C9O0UHdp0eXGqkWf7WdkaITP78xyuhvaSPAklOXZ_liHCqebb1LFid7cb4-rdpZhwIn1lFG9EelGN3umhewRhjXt6MbGPXlKXO-l4SnzEp-ys71DY6FW5iT7TxRw6gDz8bjL-9rqYWF4l3twH3uSb9sPmXcWW64GL26oSxFOETgC6JEra71n7hWXnOj46w1h_TKKEvPtw8JDOuU1R1yA7i9iiUpx7iQoWY3KihNjG_xQZX7Pi5d-10KK4ANHXBvVPi16MBEYiC7-E-TOyPno0FeR_F8KXhgVl_PPHqTKqtH3clridi4',
)
</pre>
</div><div class="toggleButtonInline">Toggle $_SERVER</div><div class="toggleMe"><div class="break bold">The array named: $_SERVER:</div>
<pre>array (
  'MIBDIRS' => 'C:/xampp/php/extras/mibs',
  'MYSQL_HOME' => '\\xampp\\mysql\\bin',
  'OPENSSL_CONF' => 'C:/xampp/apache/bin/openssl.cnf',
  'PHP_PEAR_SYSCONF_DIR' => '\\xampp\\php',
  'PHPRC' => '\\xampp\\php',
  'TMP' => '\\xampp\\tmp',
  'DEVELOPMENT_PAYROLL_INTERFACES_PORT' => '3306',
  'DEVELOPMENT_PAYROLL_INTERFACES_DATABASE' => 'payroll_interfaces',
  'DEVELOPMENT_PAYROLL_INTERFACES_DATABASE_USER' => 'dev_user',
  'DEVELOPMENT_PAYROLL_INTERFACES_DATABASE_PASSWORD' => '1s6gQXkHtOES',
  'PRODUCTION_PAYROLL_INTERFACES_PORT' => '3306',
  'PRODUCTION_PAYROLL_INTERFACES_DATABASE' => 'payroll_interfaces',
  'PRODUCTION_PAYROLL_INTERFACES_DATABASE_USER' => 'payroll_int',
  'PRODUCTION_PAYROLL_INTERFACES_DATABASE_PASSWORD' => 'pGf6n5r2jNRp',
  'EMS_PASSWORD' => 'Emb11242012',
  'HTTPS' => 'on',
  'SSL_TLS_SNI' => 'pi.embassyllc.dev',
  'SSL_SERVER_S_DN_C' => 'US',
  'SSL_SERVER_S_DN_ST' => 'WA',
  'SSL_SERVER_S_DN_L' => 'Spokane',
  'SSL_SERVER_S_DN_O' => 'Embassy Management, LLC',
  'SSL_SERVER_S_DN_OU' => 'IT Department',
  'SSL_SERVER_S_DN_CN' => 'pi.embassyllc.dev',
  'SSL_SERVER_S_DN_Email' => 'morussa@embassyllc.com',
  'SSL_SERVER_I_DN_C' => 'US',
  'SSL_SERVER_I_DN_ST' => 'WA',
  'SSL_SERVER_I_DN_L' => 'Spokane',
  'SSL_SERVER_I_DN_O' => 'Embassy Management, LLC',
  'SSL_SERVER_I_DN_OU' => 'IT Department',
  'SSL_SERVER_I_DN_CN' => 'pi.embassyllc.dev',
  'SSL_SERVER_I_DN_Email' => 'morussa@embassyllc.com',
  'SSL_VERSION_INTERFACE' => 'mod_ssl/2.4.17',
  'SSL_VERSION_LIBRARY' => 'OpenSSL/1.0.2d',
  'SSL_PROTOCOL' => 'TLSv1',
  'SSL_SECURE_RENEG' => 'true',
  'SSL_COMPRESS_METHOD' => 'NULL',
  'SSL_CIPHER' => 'ECDHE-RSA-AES256-SHA',
  'SSL_CIPHER_EXPORT' => 'false',
  'SSL_CIPHER_USEKEYSIZE' => '256',
  'SSL_CIPHER_ALGKEYSIZE' => '256',
  'SSL_CLIENT_VERIFY' => 'NONE',
  'SSL_SERVER_M_VERSION' => '1',
  'SSL_SERVER_M_SERIAL' => 'CA072A1B76BFB522',
  'SSL_SERVER_V_START' => 'Nov 17 19:51:30 2016 GMT',
  'SSL_SERVER_V_END' => 'Nov 17 19:51:30 2017 GMT',
  'SSL_SERVER_S_DN' => 'emailAddress=morussa@embassyllc.com,CN=pi.embassyllc.dev,OU=IT Department,O=Embassy Management\\, LLC,L=Spokane,ST=WA,C=US',
  'SSL_SERVER_I_DN' => 'emailAddress=morussa@embassyllc.com,CN=pi.embassyllc.dev,OU=IT Department,O=Embassy Management\\, LLC,L=Spokane,ST=WA,C=US',
  'SSL_SERVER_A_KEY' => 'rsaEncryption',
  'SSL_SERVER_A_SIG' => 'sha256WithRSAEncryption',
  'SSL_SESSION_RESUMED' => 'Initial',
  'HTTP_HOST' => 'pi.embassyllc.dev',
  'HTTP_USER_AGENT' => 'Mozilla/5.0 (Windows NT 6.1; WOW64; rv:50.0) Gecko/20100101 Firefox/50.0',
  'HTTP_ACCEPT' => 'text/html,application/xhtml+xml,application/xml;q=0.9,*/*;q=0.8',
  'HTTP_ACCEPT_LANGUAGE' => 'en-US,en;q=0.5',
  'HTTP_ACCEPT_ENCODING' => 'gzip, deflate, br',
  'HTTP_REFERER' => 'https://pi.embassyllc.dev/login/index.php',
  'HTTP_COOKIE' => 'piSession=ehml210kviaa521geuvku97aj4',
  'HTTP_DNT' => '1',
  'HTTP_CONNECTION' => 'keep-alive',
  'HTTP_UPGRADE_INSECURE_REQUESTS' => '1',
  'CONTENT_TYPE' => 'application/x-www-form-urlencoded',
  'CONTENT_LENGTH' => '1159',
  'PATH' => 'c:\\graphicsmagick-1.3.24-q16;C:\\ImageMagick-7.0.2-Q16;C:\\ProgramData\\Oracle\\Java\\javapath;C:\\RailsInstaller\\Git\\cmd;C:\\RailsInstaller\\Ruby2.2.0\\bin;C:\\Windows\\system32;C:\\Windows;C:\\Windows\\System32\\Wbem;C:\\Windows\\System32\\WindowsPowerShell\\v1.0\\;C:\\Program Files\\Git\\cmd;C:\\Program Files (x86)\\nodejs\\;C:\\xampp\\php;C:\\ProgramData\\ComposerSetup\\bin;C:\\HashiCorp\\Vagrant\\bin;C:\\Users\\morussa\\AppData\\Roaming\\Composer\\vendor\\bin;',
  'SystemRoot' => 'C:\\Windows',
  'COMSPEC' => 'C:\\Windows\\system32\\cmd.exe',
  'PATHEXT' => '.COM;.EXE;.BAT;.CMD;.VBS;.VBE;.JS;.JSE;.WSF;.WSH;.MSC',
  'WINDIR' => 'C:\\Windows',
  'SERVER_SIGNATURE' => '<address>Apache/2.4.17 (Win32) OpenSSL/1.0.2d PHP/5.6.20 Server at pi.embassyllc.dev Port 443</address>
',
  'SERVER_SOFTWARE' => 'Apache/2.4.17 (Win32) OpenSSL/1.0.2d PHP/5.6.20',
  'SERVER_NAME' => 'pi.embassyllc.dev',
  'SERVER_ADDR' => '127.0.0.1',
  'SERVER_PORT' => '443',
  'REMOTE_ADDR' => '127.0.0.1',
  'DOCUMENT_ROOT' => 'C:/xampp/htdocs/pi.embassyllc.dev',
  'REQUEST_SCHEME' => 'https',
  'CONTEXT_PREFIX' => '',
  'CONTEXT_DOCUMENT_ROOT' => 'C:/xampp/htdocs/pi.embassyllc.dev',
  'SERVER_ADMIN' => 'morussa@embassyllc.com',
  'SCRIPT_FILENAME' => 'C:/xampp/htdocs/pi.embassyllc.dev/login/index.php',
  'REMOTE_PORT' => '51390',
  'GATEWAY_INTERFACE' => 'CGI/1.1',
  'SERVER_PROTOCOL' => 'HTTP/1.1',
  'REQUEST_METHOD' => 'POST',
  'QUERY_STRING' => '',
  'REQUEST_URI' => '/login/index.php',
  'SCRIPT_NAME' => '/login/index.php',
  'PHP_SELF' => '/login/index.php',
  'REQUEST_TIME_FLOAT' => 1481230818.1830001,
  'REQUEST_TIME' => 1481230818,
)
</pre>
</div><div class="toggleButtonInline">Toggle $_SESSION</div><div class="toggleMe"><div class="break bold">The array named: $_SESSION:</div>
<pre>array (
  'CSRF' => 'def00000e5afae1147a4e03a685306bf1318e255d3b4fa279b6a3b3ac57ac3958c8646be082aa1fdcd23e4a8e2155b5c7e5c7377fda1815a7a4767f785cd71773374b02e',
)
</pre>
</div><div><div class="newPage">From includes/Embassy/Config.php</div></div>
<div><div class="newPage">From includes/Embassy/Secrets.php</div></div>
<div><div class="newPage">From includes/Embassy/Ajax.php</div></div>
<div><div class="newPage">From includes/Embassy/Dbc.php</div></div>
<div>Inside Auth::login().</div>
<div>Inside the login method. $_POST['g-recaptcha-response'] is set.</div>
<div>Google Captcha response was good.</div>
<div>Invalid password.</div>
<div><div class="newPage">From includes/Embassy/Form.php</div></div>
<div><div class="newPage">From includes/Embassy/Page.php</div></div>
<div><div class="newPage">From login/index.php</div></div>
<div><div class="newPage">From includes/Embassy/Form.php</div></div>
<div style="color:red;font-weight:bold;border-top:1px dotted #333;">END DEBUG</div>
</div>